This file contains any messages produced by compilers while
running configure, to aid debugging if configure makes a mistake.

It was created by configure, which was
generated by GNU Autoconf 2.67.  Invocation command line was

  $ ./configure --disable-option-checking --prefix=/usr/local --host=arm-linux CFLAGS=-I/home/visint/src/arm/sqlite LDFLAGS=-L/home/visint/src/arm/sqlite/.libs -L../../lib host_alias=arm-linux --cache-file=/dev/null --srcdir=.

## --------- ##
## Platform. ##
## --------- ##

hostname = debian
uname -m = i686
uname -r = 2.6.32-5-686
uname -s = Linux
uname -v = #1 SMP Sun Sep 23 09:49:36 UTC 2012

/usr/bin/uname -p = unknown
/bin/uname -X     = unknown

/bin/arch              = unknown
/usr/bin/arch -k       = unknown
/usr/convex/getsysinfo = unknown
/usr/bin/hostinfo      = unknown
/bin/machine           = unknown
/usr/bin/oslevel       = unknown
/bin/universe          = unknown

PATH: /usr/local/sbin
PATH: /usr/local/bin
PATH: /usr/sbin
PATH: /usr/bin
PATH: /sbin
PATH: /bin
PATH: /opt/buildroot/output/host/usr/bin
PATH: /opt/buildroot/output/host/usr/bin


## ----------- ##
## Core tests. ##
## ----------- ##

configure:1876: checking for a BSD-compatible install
configure:1944: result: /usr/bin/install -c
configure:1955: checking whether build environment is sane
configure:2005: result: yes
configure:2054: checking for arm-linux-strip
configure:2070: found /opt/buildroot/output/host/usr/bin/arm-linux-strip
configure:2081: result: arm-linux-strip
configure:2146: checking for a thread-safe mkdir -p
configure:2185: result: /bin/mkdir -p
configure:2198: checking for gawk
configure:2228: result: no
configure:2198: checking for mawk
configure:2214: found /usr/bin/mawk
configure:2225: result: mawk
configure:2236: checking whether make sets $(MAKE)
configure:2258: result: yes
configure:2351: checking for arm-linux-gcc
configure:2367: found /opt/buildroot/output/host/usr/bin/arm-linux-gcc
configure:2378: result: arm-linux-gcc
configure:2647: checking for C compiler version
configure:2656: arm-linux-gcc --version >&5
arm-linux-gcc (Buildroot 2012.11) 4.5.4
Copyright (C) 2010 Free Software Foundation, Inc.
This is free software; see the source for copying conditions.  There is NO
warranty; not even for MERCHANTABILITY or FITNESS FOR A PARTICULAR PURPOSE.

configure:2667: $? = 0
configure:2656: arm-linux-gcc -v >&5
Using built-in specs.
COLLECT_GCC=arm-linux-gcc
COLLECT_LTO_WRAPPER=/opt/buildroot/output/host/usr/libexec/gcc/arm-buildroot-linux-uclibcgnueabi/4.5.4/lto-wrapper
Target: arm-buildroot-linux-uclibcgnueabi
Configured with: /opt/buildroot/output/toolchain/gcc-4.5.4/configure --prefix=/opt/buildroot/output/host/usr --build=i686-pc-linux-gnu --host=i686-pc-linux-gnu --target=arm-buildroot-linux-uclibcgnueabi --enable-languages=c --with-sysroot=/opt/buildroot/output/host/usr/arm-buildroot-linux-uclibcgnueabi/sysroot --with-build-time-tools=/opt/buildroot/output/host/usr/arm-buildroot-linux-uclibcgnueabi/bin --disable-__cxa_atexit --enable-target-optspace --disable-libquadmath --disable-libgomp --with-gnu-ld --disable-libssp --disable-multilib --enable-tls --enable-shared --with-gmp=/opt/buildroot/output/host/usr --with-mpfr=/opt/buildroot/output/host/usr --with-mpc=/opt/buildroot/output/host/usr --disable-nls --enable-threads --disable-decimal-float --with-float=soft --with-abi=aapcs-linux --with-arch=armv5te --with-tune=arm926ej-s --with-pkgversion='Buildroot 2012.11' --with-bugurl=http://bugs.buildroot.net/
Thread model: posix
gcc version 4.5.4 (Buildroot 2012.11) 
configure:2667: $? = 0
configure:2656: arm-linux-gcc -V >&5
arm-linux-gcc: '-V' option must have argument
configure:2667: $? = 1
configure:2656: arm-linux-gcc -qversion >&5
arm-linux-gcc: unrecognized option '-qversion'
arm-linux-gcc: no input files
configure:2667: $? = 1
configure:2687: checking whether the C compiler works
configure:2709: arm-linux-gcc -I/home/visint/src/arm/sqlite  -L/home/visint/src/arm/sqlite/.libs -L../../lib conftest.c  >&5
configure:2713: $? = 0
configure:2761: result: yes
configure:2764: checking for C compiler default output file name
configure:2766: result: a.out
configure:2772: checking for suffix of executables
configure:2779: arm-linux-gcc -o conftest -I/home/visint/src/arm/sqlite  -L/home/visint/src/arm/sqlite/.libs -L../../lib conftest.c  >&5
configure:2783: $? = 0
configure:2805: result: 
configure:2827: checking whether we are cross compiling
configure:2835: arm-linux-gcc -o conftest -I/home/visint/src/arm/sqlite  -L/home/visint/src/arm/sqlite/.libs -L../../lib conftest.c  >&5
configure:2839: $? = 0
configure:2846: ./conftest
./configure: line 2848: ./conftest: cannot execute binary file
configure:2850: $? = 126
configure:2865: result: yes
configure:2870: checking for suffix of object files
configure:2892: arm-linux-gcc -c -I/home/visint/src/arm/sqlite  conftest.c >&5
configure:2896: $? = 0
configure:2917: result: o
configure:2921: checking whether we are using the GNU C compiler
configure:2940: arm-linux-gcc -c -I/home/visint/src/arm/sqlite  conftest.c >&5
configure:2940: $? = 0
configure:2949: result: yes
configure:2958: checking whether arm-linux-gcc accepts -g
configure:2978: arm-linux-gcc -c -g  conftest.c >&5
configure:2978: $? = 0
configure:3019: result: yes
configure:3036: checking for arm-linux-gcc option to accept ISO C89
configure:3100: arm-linux-gcc  -c -I/home/visint/src/arm/sqlite  conftest.c >&5
configure:3100: $? = 0
configure:3113: result: none needed
configure:3144: checking for style of include used by make
configure:3172: result: GNU
configure:3197: checking dependency style of arm-linux-gcc
configure:3307: result: gcc3
configure:3329: checking whether make sets $(MAKE)
configure:3351: result: yes
configure:3367: checking how to run the C preprocessor
configure:3398: arm-linux-gcc -E  conftest.c
configure:3398: $? = 0
configure:3412: arm-linux-gcc -E  conftest.c
conftest.c:11:28: fatal error: ac_nonexistent.h: No such file or directory
compilation terminated.
configure:3412: $? = 1
configure: failed program was:
| /* confdefs.h */
| #define PACKAGE_NAME ""
| #define PACKAGE_TARNAME ""
| #define PACKAGE_VERSION ""
| #define PACKAGE_STRING ""
| #define PACKAGE_BUGREPORT ""
| #define PACKAGE_URL ""
| #define PACKAGE "devip"
| #define VERSION "1.0.0"
| /* end confdefs.h.  */
| #include <ac_nonexistent.h>
configure:3437: result: arm-linux-gcc -E
configure:3457: arm-linux-gcc -E  conftest.c
configure:3457: $? = 0
configure:3471: arm-linux-gcc -E  conftest.c
conftest.c:11:28: fatal error: ac_nonexistent.h: No such file or directory
compilation terminated.
configure:3471: $? = 1
configure: failed program was:
| /* confdefs.h */
| #define PACKAGE_NAME ""
| #define PACKAGE_TARNAME ""
| #define PACKAGE_VERSION ""
| #define PACKAGE_STRING ""
| #define PACKAGE_BUGREPORT ""
| #define PACKAGE_URL ""
| #define PACKAGE "devip"
| #define VERSION "1.0.0"
| /* end confdefs.h.  */
| #include <ac_nonexistent.h>
configure:3500: checking for grep that handles long lines and -e
configure:3558: result: /bin/grep
configure:3563: checking for egrep
configure:3625: result: /bin/grep -E
configure:3630: checking for ANSI C header files
configure:3650: arm-linux-gcc -c -I/home/visint/src/arm/sqlite  conftest.c >&5
configure:3650: $? = 0
configure:3734: result: yes
configure:3865: creating ./config.status

## ---------------------- ##
## Running config.status. ##
## ---------------------- ##

This file was extended by config.status, which was
generated by GNU Autoconf 2.67.  Invocation command line was

  CONFIG_FILES    = 
  CONFIG_HEADERS  = 
  CONFIG_LINKS    = 
  CONFIG_COMMANDS = 
  $ ./config.status 

on debian

config.status:847: creating Makefile
config.status:847: creating config.h
config.status:1027: config.h is unchanged
config.status:1075: executing depfiles commands

## ---------------- ##
## Cache variables. ##
## ---------------- ##

ac_cv_c_compiler_gnu=yes
ac_cv_env_CC_set=
ac_cv_env_CC_value=
ac_cv_env_CFLAGS_set=set
ac_cv_env_CFLAGS_value=-I/home/visint/src/arm/sqlite
ac_cv_env_CPPFLAGS_set=
ac_cv_env_CPPFLAGS_value=
ac_cv_env_CPP_set=
ac_cv_env_CPP_value=
ac_cv_env_LDFLAGS_set=set
ac_cv_env_LDFLAGS_value='-L/home/visint/src/arm/sqlite/.libs -L../../lib'
ac_cv_env_LIBS_set=
ac_cv_env_LIBS_value=
ac_cv_env_build_alias_set=
ac_cv_env_build_alias_value=
ac_cv_env_host_alias_set=set
ac_cv_env_host_alias_value=arm-linux
ac_cv_env_target_alias_set=
ac_cv_env_target_alias_value=
ac_cv_header_stdc=yes
ac_cv_objext=o
ac_cv_path_EGREP='/bin/grep -E'
ac_cv_path_GREP=/bin/grep
ac_cv_path_install='/usr/bin/install -c'
ac_cv_path_mkdir=/bin/mkdir
ac_cv_prog_AWK=mawk
ac_cv_prog_CC=arm-linux-gcc
ac_cv_prog_CPP='arm-linux-gcc -E'
ac_cv_prog_STRIP=arm-linux-strip
ac_cv_prog_cc_c89=
ac_cv_prog_cc_g=yes
ac_cv_prog_make_make_set=yes
am_cv_CC_dependencies_compiler_type=gcc3

## ----------------- ##
## Output variables. ##
## ----------------- ##

ACLOCAL='${SHELL} /home/visint/VisProj/src/missing --run aclocal-1.11'
AMDEPBACKSLASH='\'
AMDEP_FALSE='#'
AMDEP_TRUE=''
AMTAR='${SHELL} /home/visint/VisProj/src/missing --run tar'
AUTOCONF='${SHELL} /home/visint/VisProj/src/missing --run autoconf'
AUTOHEADER='${SHELL} /home/visint/VisProj/src/missing --run autoheader'
AUTOMAKE='${SHELL} /home/visint/VisProj/src/missing --run automake-1.11'
AWK='mawk'
CC='arm-linux-gcc'
CCDEPMODE='depmode=gcc3'
CFLAGS='-I/home/visint/src/arm/sqlite'
CPP='arm-linux-gcc -E'
CPPFLAGS=''
CYGPATH_W='echo'
DEFS='-DHAVE_CONFIG_H'
DEPDIR='.deps'
ECHO_C=''
ECHO_N='-n'
ECHO_T=''
EGREP='/bin/grep -E'
EXEEXT=''
GREP='/bin/grep'
INSTALL_DATA='${INSTALL} -m 644'
INSTALL_PROGRAM='${INSTALL}'
INSTALL_SCRIPT='${INSTALL}'
INSTALL_STRIP_PROGRAM='$(install_sh) -c -s'
LDFLAGS='-L/home/visint/src/arm/sqlite/.libs -L../../lib'
LIBOBJS=''
LIBS=''
LTLIBOBJS=''
MAKEINFO='${SHELL} /home/visint/VisProj/src/missing --run makeinfo'
MKDIR_P='/bin/mkdir -p'
OBJEXT='o'
PACKAGE='devip'
PACKAGE_BUGREPORT=''
PACKAGE_NAME=''
PACKAGE_STRING=''
PACKAGE_TARNAME=''
PACKAGE_URL=''
PACKAGE_VERSION=''
PATH_SEPARATOR=':'
SET_MAKE=''
SHELL='/bin/bash'
STRIP='arm-linux-strip'
VERSION='1.0.0'
ac_ct_CC=''
am__EXEEXT_FALSE=''
am__EXEEXT_TRUE='#'
am__fastdepCC_FALSE='#'
am__fastdepCC_TRUE=''
am__include='include'
am__isrc=''
am__leading_dot='.'
am__quote=''
am__tar='${AMTAR} chof - "$$tardir"'
am__untar='${AMTAR} xf -'
bindir='${exec_prefix}/bin'
build_alias=''
datadir='${datarootdir}'
datarootdir='${prefix}/share'
docdir='${datarootdir}/doc/${PACKAGE}'
dvidir='${docdir}'
exec_prefix='${prefix}'
host_alias='arm-linux'
htmldir='${docdir}'
includedir='${prefix}/include'
infodir='${datarootdir}/info'
install_sh='${SHELL} /home/visint/VisProj/src/install-sh'
libdir='${exec_prefix}/lib'
libexecdir='${exec_prefix}/libexec'
localedir='${datarootdir}/locale'
localstatedir='${prefix}/var'
mandir='${datarootdir}/man'
mkdir_p='/bin/mkdir -p'
oldincludedir='/usr/include'
pdfdir='${docdir}'
prefix='/usr/local'
program_transform_name='s,x,x,'
psdir='${docdir}'
sbindir='${exec_prefix}/sbin'
sharedstatedir='${prefix}/com'
sysconfdir='${prefix}/etc'
target_alias=''

## ----------- ##
## confdefs.h. ##
## ----------- ##

/* confdefs.h */
#define PACKAGE_NAME ""
#define PACKAGE_TARNAME ""
#define PACKAGE_VERSION ""
#define PACKAGE_STRING ""
#define PACKAGE_BUGREPORT ""
#define PACKAGE_URL ""
#define PACKAGE "devip"
#define VERSION "1.0.0"
#define STDC_HEADERS 1

configure: exit 0
