This file contains any messages produced by compilers while
running configure, to aid debugging if configure makes a mistake.

It was created by configure, which was
generated by GNU Autoconf 2.67.  Invocation command line was

  $ ./configure --disable-option-checking --prefix=/usr/local --host=arm-linux CFLAGS=-I/home/visint/src/arm/sqlite LDFLAGS=-L/home/visint/src/arm/sqlite/.libs -L../../lib host_alias=arm-linux --cache-file=/dev/null --srcdir=.

## --------- ##
## Platform. ##
## --------- ##

hostname = debian
uname -m = i686
uname -r = 2.6.32-5-686
uname -s = Linux
uname -v = #1 SMP Sun Sep 23 09:49:36 UTC 2012

/usr/bin/uname -p = unknown
/bin/uname -X     = unknown

/bin/arch              = unknown
/usr/bin/arch -k       = unknown
/usr/convex/getsysinfo = unknown
/usr/bin/hostinfo      = unknown
/bin/machine           = unknown
/usr/bin/oslevel       = unknown
/bin/universe          = unknown

PATH: /usr/local/sbin
PATH: /usr/local/bin
PATH: /usr/sbin
PATH: /usr/bin
PATH: /sbin
PATH: /bin
PATH: /opt/buildroot/output/host/usr/bin
PATH: /opt/buildroot/output/host/usr/bin


## ----------- ##
## Core tests. ##
## ----------- ##

configure:1713: checking for a BSD-compatible install
configure:1781: result: /usr/bin/install -c
configure:1792: checking whether build environment is sane
configure:1842: result: yes
configure:1891: checking for arm-linux-strip
configure:1907: found /opt/buildroot/output/host/usr/bin/arm-linux-strip
configure:1918: result: arm-linux-strip
configure:1983: checking for a thread-safe mkdir -p
configure:2022: result: /bin/mkdir -p
configure:2035: checking for gawk
configure:2065: result: no
configure:2035: checking for mawk
configure:2051: found /usr/bin/mawk
configure:2062: result: mawk
configure:2073: checking whether make sets $(MAKE)
configure:2095: result: yes
configure:2325: creating ./config.status

## ---------------------- ##
## Running config.status. ##
## ---------------------- ##

This file was extended by config.status, which was
generated by GNU Autoconf 2.67.  Invocation command line was

  CONFIG_FILES    = 
  CONFIG_HEADERS  = 
  CONFIG_LINKS    = 
  CONFIG_COMMANDS = 
  $ ./config.status 

on debian

config.status:749: creating Makefile
configure:3418: === configuring in sysutil (/home/visint/VisProj/src/sys/sysutil)
configure:3481: running /bin/bash ./configure --disable-option-checking '--prefix=/usr/local'  '--host=arm-linux' 'CFLAGS=-I/home/visint/src/arm/sqlite' 'LDFLAGS=-L/home/visint/src/arm/sqlite/.libs -L../../lib' 'host_alias=arm-linux' --cache-file=/dev/null --srcdir=.
configure:3418: === configuring in sysapp (/home/visint/VisProj/src/sys/sysapp)
configure:3481: running /bin/bash ./configure --disable-option-checking '--prefix=/usr/local'  '--host=arm-linux' 'CFLAGS=-I/home/visint/src/arm/sqlite' 'LDFLAGS=-L/home/visint/src/arm/sqlite/.libs -L../../lib' 'host_alias=arm-linux' --cache-file=/dev/null --srcdir=.

## ---------------- ##
## Cache variables. ##
## ---------------- ##

ac_cv_env_build_alias_set=
ac_cv_env_build_alias_value=
ac_cv_env_host_alias_set=set
ac_cv_env_host_alias_value=arm-linux
ac_cv_env_target_alias_set=
ac_cv_env_target_alias_value=
ac_cv_path_install='/usr/bin/install -c'
ac_cv_path_mkdir=/bin/mkdir
ac_cv_prog_AWK=mawk
ac_cv_prog_STRIP=arm-linux-strip
ac_cv_prog_make_make_set=yes

## ----------------- ##
## Output variables. ##
## ----------------- ##

ACLOCAL='${SHELL} /home/visint/VisProj/src/missing --run aclocal-1.11'
AMTAR='${SHELL} /home/visint/VisProj/src/missing --run tar'
AUTOCONF='${SHELL} /home/visint/VisProj/src/missing --run autoconf'
AUTOHEADER='${SHELL} /home/visint/VisProj/src/missing --run autoheader'
AUTOMAKE='${SHELL} /home/visint/VisProj/src/missing --run automake-1.11'
AWK='mawk'
CYGPATH_W='echo'
DEFAULT_LANG='en'
DEFS='-DPACKAGE_NAME=\"\" -DPACKAGE_TARNAME=\"\" -DPACKAGE_VERSION=\"\" -DPACKAGE_STRING=\"\" -DPACKAGE_BUGREPORT=\"\" -DPACKAGE_URL=\"\" -DPACKAGE=\"sysapp\" -DVERSION=\"1.0.8\"'
ECHO_C=''
ECHO_N='-n'
ECHO_T=''
INSTALL_DATA='${INSTALL} -m 644'
INSTALL_PROGRAM='${INSTALL}'
INSTALL_SCRIPT='${INSTALL}'
INSTALL_STRIP_PROGRAM='$(install_sh) -c -s'
LIBOBJS=''
LIBS=''
LTLIBOBJS=''
MAKEINFO='${SHELL} /home/visint/VisProj/src/missing --run makeinfo'
MKDIR_P='/bin/mkdir -p'
PACKAGE='sysapp'
PACKAGE_BUGREPORT=''
PACKAGE_NAME=''
PACKAGE_STRING=''
PACKAGE_TARNAME=''
PACKAGE_URL=''
PACKAGE_VERSION=''
PATH_SEPARATOR=':'
SET_MAKE=''
SHELL='/bin/bash'
STRIP='arm-linux-strip'
VERSION='1.0.1'
am__isrc=''
am__leading_dot='.'
am__tar='${AMTAR} chof - "$$tardir"'
am__untar='${AMTAR} xf -'
bindir='${exec_prefix}/bin'
build_alias=''
datadir='${datarootdir}'
datarootdir='${prefix}/share'
docdir='${datarootdir}/doc/${PACKAGE}'
dvidir='${docdir}'
exec_prefix='${prefix}'
host_alias='arm-linux'
htmldir='${docdir}'
includedir='${prefix}/include'
infodir='${datarootdir}/info'
install_sh='${SHELL} /home/visint/VisProj/src/install-sh'
libdir='${exec_prefix}/lib'
libexecdir='${exec_prefix}/libexec'
localedir='${datarootdir}/locale'
localstatedir='${prefix}/var'
mandir='${datarootdir}/man'
mkdir_p='/bin/mkdir -p'
oldincludedir='/usr/include'
pdfdir='${docdir}'
prefix='/usr/local'
program_transform_name='s,x,x,'
psdir='${docdir}'
sbindir='${exec_prefix}/sbin'
sharedstatedir='${prefix}/com'
subdirs=' sysutil sysapp'
sysconfdir='${prefix}/etc'
target_alias=''

## ----------- ##
## confdefs.h. ##
## ----------- ##

/* confdefs.h */
#define PACKAGE_NAME ""
#define PACKAGE_TARNAME ""
#define PACKAGE_VERSION ""
#define PACKAGE_STRING ""
#define PACKAGE_BUGREPORT ""
#define PACKAGE_URL ""
#define PACKAGE "sysapp"
#define VERSION "1.0.8"

configure: exit 0
