This file contains any messages produced by compilers while
running configure, to aid debugging if configure makes a mistake.

It was created by configure, which was
generated by GNU Autoconf 2.68.  Invocation command line was

  $ ./configure --host=arm-linux

## --------- ##
## Platform. ##
## --------- ##

hostname = ubuntu
uname -m = x86_64
uname -r = 3.19.0-25-generic
uname -s = Linux
uname -v = #26~14.04.1-Ubuntu SMP Fri Jul 24 21:16:20 UTC 2015

/usr/bin/uname -p = unknown
/bin/uname -X     = unknown

/bin/arch              = unknown
/usr/bin/arch -k       = unknown
/usr/convex/getsysinfo = unknown
/usr/bin/hostinfo      = unknown
/bin/machine           = unknown
/usr/bin/oslevel       = unknown
/bin/universe          = unknown

PATH: /home/lxc/buildroot-at91/output/host/usr/bin/
PATH: /usr/local/sbin
PATH: /usr/local/bin
PATH: /usr/sbin
PATH: /usr/bin
PATH: /sbin
PATH: /bin
PATH: /usr/games
PATH: /usr/local/games


## ----------- ##
## Core tests. ##
## ----------- ##

configure:1886: checking for a BSD-compatible install
configure:1954: result: /usr/bin/install -c
configure:1965: checking whether build environment is sane
configure:2015: result: yes
configure:2064: checking for arm-linux-strip
configure:2080: found /home/lxc/buildroot-at91/output/host/usr/bin//arm-linux-strip
configure:2091: result: arm-linux-strip
configure:2156: checking for a thread-safe mkdir -p
configure:2195: result: /bin/mkdir -p
configure:2208: checking for gawk
configure:2238: result: no
configure:2208: checking for mawk
configure:2224: found /usr/bin/mawk
configure:2235: result: mawk
configure:2246: checking whether make sets $(MAKE)
configure:2268: result: yes
configure:2351: checking for arm-linux-ranlib
configure:2367: found /home/lxc/buildroot-at91/output/host/usr/bin//arm-linux-ranlib
configure:2378: result: arm-linux-ranlib
configure:2457: checking for arm-linux-gcc
configure:2473: found /home/lxc/buildroot-at91/output/host/usr/bin//arm-linux-gcc
configure:2484: result: arm-linux-gcc
configure:2753: checking for C compiler version
configure:2762: arm-linux-gcc --version >&5
arm-linux-gcc (Buildroot 2012.11.1-00020-g80e2dd6) 4.8.4
Copyright (C) 2013 Free Software Foundation, Inc.
This is free software; see the source for copying conditions.  There is NO
warranty; not even for MERCHANTABILITY or FITNESS FOR A PARTICULAR PURPOSE.

configure:2773: $? = 0
configure:2762: arm-linux-gcc -v >&5
Using built-in specs.
COLLECT_GCC=arm-linux-gcc
COLLECT_LTO_WRAPPER=/home/lxc/buildroot-at91/output/host/usr/libexec/gcc/arm-buildroot-linux-uclibcgnueabi/4.8.4/lto-wrapper
Target: arm-buildroot-linux-uclibcgnueabi
Configured with: /home/lxc/buildroot-at91/output/toolchain/gcc-4.8.4/configure --prefix=/home/lxc/buildroot-at91/output/host/usr --build=x86_64-unknown-linux-gnu --host=x86_64-unknown-linux-gnu --target=arm-buildroot-linux-uclibcgnueabi --enable-languages=c --with-sysroot=/home/lxc/buildroot-at91/output/host/usr/arm-buildroot-linux-uclibcgnueabi/sysroot --with-build-time-tools=/home/lxc/buildroot-at91/output/host/usr/arm-buildroot-linux-uclibcgnueabi/bin --disable-__cxa_atexit --enable-target-optspace --disable-libquadmath --disable-libgomp --with-gnu-ld --disable-libssp --disable-multilib --enable-tls --enable-shared --with-gmp=/home/lxc/buildroot-at91/output/host/usr --with-mpfr=/home/lxc/buildroot-at91/output/host/usr --with-mpc=/home/lxc/buildroot-at91/output/host/usr --disable-nls --enable-threads --disable-decimal-float --with-float=soft --with-abi=aapcs-linux --with-arch=armv5te --with-tune=arm926ej-s --with-pkgversion='Buildroot 2012.11.1-00020-g80e2dd6' --with-bugurl=http://bugs.buildroot.net/
Thread model: posix
gcc version 4.8.4 (Buildroot 2012.11.1-00020-g80e2dd6) 
configure:2773: $? = 0
configure:2762: arm-linux-gcc -V >&5
arm-linux-gcc: error: unrecognized command line option '-V'
arm-linux-gcc: fatal error: no input files
compilation terminated.
configure:2773: $? = 1
configure:2762: arm-linux-gcc -qversion >&5
arm-linux-gcc: error: unrecognized command line option '-qversion'
arm-linux-gcc: fatal error: no input files
compilation terminated.
configure:2773: $? = 1
configure:2793: checking whether the C compiler works
configure:2815: arm-linux-gcc    conftest.c  >&5
configure:2819: $? = 0
configure:2867: result: yes
configure:2870: checking for C compiler default output file name
configure:2872: result: a.out
configure:2878: checking for suffix of executables
configure:2885: arm-linux-gcc -o conftest    conftest.c  >&5
configure:2889: $? = 0
configure:2911: result: 
configure:2933: checking whether we are cross compiling
configure:2941: arm-linux-gcc -o conftest    conftest.c  >&5
configure:2945: $? = 0
configure:2952: ./conftest
./configure: line 2954: ./conftest: cannot execute binary file: Exec format error
configure:2956: $? = 126
configure:2971: result: yes
configure:2976: checking for suffix of object files
configure:2998: arm-linux-gcc -c   conftest.c >&5
configure:3002: $? = 0
configure:3023: result: o
configure:3027: checking whether we are using the GNU C compiler
configure:3046: arm-linux-gcc -c   conftest.c >&5
configure:3046: $? = 0
configure:3055: result: yes
configure:3064: checking whether arm-linux-gcc accepts -g
configure:3084: arm-linux-gcc -c -g  conftest.c >&5
configure:3084: $? = 0
configure:3125: result: yes
configure:3142: checking for arm-linux-gcc option to accept ISO C89
configure:3206: arm-linux-gcc  -c -g -O2  conftest.c >&5
configure:3206: $? = 0
configure:3219: result: none needed
configure:3250: checking for style of include used by make
configure:3278: result: GNU
configure:3304: checking dependency style of arm-linux-gcc
configure:3415: result: gcc3
configure:3430: checking whether make sets $(MAKE)
configure:3452: result: yes
configure:3468: checking how to run the C preprocessor
configure:3499: arm-linux-gcc -E  conftest.c
configure:3499: $? = 0
configure:3513: arm-linux-gcc -E  conftest.c
conftest.c:11:28: fatal error: ac_nonexistent.h: No such file or directory
 #include <ac_nonexistent.h>
                            ^
compilation terminated.
configure:3513: $? = 1
configure: failed program was:
| /* confdefs.h */
| #define PACKAGE_NAME ""
| #define PACKAGE_TARNAME ""
| #define PACKAGE_VERSION ""
| #define PACKAGE_STRING ""
| #define PACKAGE_BUGREPORT ""
| #define PACKAGE_URL ""
| #define PACKAGE "infoset"
| #define VERSION "0.0.1"
| /* end confdefs.h.  */
| #include <ac_nonexistent.h>
configure:3538: result: arm-linux-gcc -E
configure:3558: arm-linux-gcc -E  conftest.c
configure:3558: $? = 0
configure:3572: arm-linux-gcc -E  conftest.c
conftest.c:11:28: fatal error: ac_nonexistent.h: No such file or directory
 #include <ac_nonexistent.h>
                            ^
compilation terminated.
configure:3572: $? = 1
configure: failed program was:
| /* confdefs.h */
| #define PACKAGE_NAME ""
| #define PACKAGE_TARNAME ""
| #define PACKAGE_VERSION ""
| #define PACKAGE_STRING ""
| #define PACKAGE_BUGREPORT ""
| #define PACKAGE_URL ""
| #define PACKAGE "infoset"
| #define VERSION "0.0.1"
| /* end confdefs.h.  */
| #include <ac_nonexistent.h>
configure:3601: checking for grep that handles long lines and -e
configure:3659: result: /bin/grep
configure:3664: checking for egrep
configure:3726: result: /bin/grep -E
configure:3731: checking for ANSI C header files
configure:3751: arm-linux-gcc -c -g -O2  conftest.c >&5
configure:3751: $? = 0
configure:3835: result: yes
configure:4011: creating ./config.status

## ---------------------- ##
## Running config.status. ##
## ---------------------- ##

This file was extended by config.status, which was
generated by GNU Autoconf 2.68.  Invocation command line was

  CONFIG_FILES    = 
  CONFIG_HEADERS  = 
  CONFIG_LINKS    = 
  CONFIG_COMMANDS = 
  $ ./config.status 

on ubuntu

config.status:784: creating Makefile
config.status:956: executing depfiles commands

## ---------------- ##
## Cache variables. ##
## ---------------- ##

ac_cv_c_compiler_gnu=yes
ac_cv_env_CC_set=
ac_cv_env_CC_value=
ac_cv_env_CFLAGS_set=
ac_cv_env_CFLAGS_value=
ac_cv_env_CPPFLAGS_set=
ac_cv_env_CPPFLAGS_value=
ac_cv_env_CPP_set=
ac_cv_env_CPP_value=
ac_cv_env_LDFLAGS_set=
ac_cv_env_LDFLAGS_value=
ac_cv_env_LIBS_set=
ac_cv_env_LIBS_value=
ac_cv_env_build_alias_set=
ac_cv_env_build_alias_value=
ac_cv_env_host_alias_set=set
ac_cv_env_host_alias_value=arm-linux
ac_cv_env_target_alias_set=
ac_cv_env_target_alias_value=
ac_cv_header_stdc=yes
ac_cv_objext=o
ac_cv_path_EGREP='/bin/grep -E'
ac_cv_path_GREP=/bin/grep
ac_cv_path_install='/usr/bin/install -c'
ac_cv_path_mkdir=/bin/mkdir
ac_cv_prog_AWK=mawk
ac_cv_prog_CC=arm-linux-gcc
ac_cv_prog_CPP='arm-linux-gcc -E'
ac_cv_prog_RANLIB=arm-linux-ranlib
ac_cv_prog_STRIP=arm-linux-strip
ac_cv_prog_cc_c89=
ac_cv_prog_cc_g=yes
ac_cv_prog_make_make_set=yes
am_cv_CC_dependencies_compiler_type=gcc3

## ----------------- ##
## Output variables. ##
## ----------------- ##

ACLOCAL='${SHELL} /home/lxc/liuxuechen/src0906201608/infosetlib/missing --run aclocal-1.11'
AMDEPBACKSLASH='\'
AMDEP_FALSE='#'
AMDEP_TRUE=''
AMTAR='$${TAR-tar}'
AUTOCONF='${SHELL} /home/lxc/liuxuechen/src0906201608/infosetlib/missing --run autoconf'
AUTOHEADER='${SHELL} /home/lxc/liuxuechen/src0906201608/infosetlib/missing --run autoheader'
AUTOMAKE='${SHELL} /home/lxc/liuxuechen/src0906201608/infosetlib/missing --run automake-1.11'
AWK='mawk'
CC='arm-linux-gcc'
CCDEPMODE='depmode=gcc3'
CFLAGS='-g -O2'
CPP='arm-linux-gcc -E'
CPPFLAGS=''
CYGPATH_W='echo'
DEFS='-DPACKAGE_NAME=\"\" -DPACKAGE_TARNAME=\"\" -DPACKAGE_VERSION=\"\" -DPACKAGE_STRING=\"\" -DPACKAGE_BUGREPORT=\"\" -DPACKAGE_URL=\"\" -DPACKAGE=\"infoset\" -DVERSION=\"0.0.1\" -DSTDC_HEADERS=1'
DEPDIR='.deps'
ECHO_C=''
ECHO_N='-n'
ECHO_T=''
EGREP='/bin/grep -E'
EXEEXT=''
GREP='/bin/grep'
INSTALL_DATA='${INSTALL} -m 644'
INSTALL_PROGRAM='${INSTALL}'
INSTALL_SCRIPT='${INSTALL}'
INSTALL_STRIP_PROGRAM='$(install_sh) -c -s'
LDFLAGS=''
LIBOBJS=''
LIBS=''
LTLIBOBJS=''
MAKEINFO='${SHELL} /home/lxc/liuxuechen/src0906201608/infosetlib/missing --run makeinfo'
MKDIR_P='/bin/mkdir -p'
OBJEXT='o'
PACKAGE='infoset'
PACKAGE_BUGREPORT=''
PACKAGE_NAME=''
PACKAGE_STRING=''
PACKAGE_TARNAME=''
PACKAGE_URL=''
PACKAGE_VERSION=''
PATH_SEPARATOR=':'
RANLIB='arm-linux-ranlib'
SET_MAKE=''
SHELL='/bin/bash'
STRIP='arm-linux-strip'
VERSION='0.0.1'
ac_ct_CC=''
am__EXEEXT_FALSE=''
am__EXEEXT_TRUE='#'
am__fastdepCC_FALSE='#'
am__fastdepCC_TRUE=''
am__include='include'
am__isrc=''
am__leading_dot='.'
am__nodep='_no'
am__quote=''
am__tar='$${TAR-tar} chof - "$$tardir"'
am__untar='$${TAR-tar} xf -'
bindir='${exec_prefix}/bin'
build_alias=''
datadir='${datarootdir}'
datarootdir='${prefix}/share'
docdir='${datarootdir}/doc/${PACKAGE}'
dvidir='${docdir}'
exec_prefix='${prefix}'
host_alias='arm-linux'
htmldir='${docdir}'
includedir='${prefix}/include'
infodir='${datarootdir}/info'
install_sh='${SHELL} /home/lxc/liuxuechen/src0906201608/infosetlib/install-sh'
libdir='${exec_prefix}/lib'
libexecdir='${exec_prefix}/libexec'
localedir='${datarootdir}/locale'
localstatedir='${prefix}/var'
mandir='${datarootdir}/man'
mkdir_p='/bin/mkdir -p'
oldincludedir='/usr/include'
pdfdir='${docdir}'
prefix='/usr/local'
program_transform_name='s,x,x,'
psdir='${docdir}'
sbindir='${exec_prefix}/sbin'
sharedstatedir='${prefix}/com'
sysconfdir='${prefix}/etc'
target_alias=''

## ----------- ##
## confdefs.h. ##
## ----------- ##

/* confdefs.h */
#define PACKAGE_NAME ""
#define PACKAGE_TARNAME ""
#define PACKAGE_VERSION ""
#define PACKAGE_STRING ""
#define PACKAGE_BUGREPORT ""
#define PACKAGE_URL ""
#define PACKAGE "infoset"
#define VERSION "0.0.1"
#define STDC_HEADERS 1

configure: exit 0
