This file contains any messages produced by compilers while
running configure, to aid debugging if configure makes a mistake.

It was created by unitapp/uset configure 1.0.0, which was
generated by GNU Autoconf 2.67.  Invocation command line was

  $ ./configure --disable-option-checking --prefix=/usr/local --host=arm-linux CFLAGS=-I/home/visint/src/arm/sqlite LDFLAGS=-L/home/visint/src/arm/sqlite/.libs -L../../lib host_alias=arm-linux --cache-file=/dev/null --srcdir=.

## --------- ##
## Platform. ##
## --------- ##

hostname = debian
uname -m = i686
uname -r = 2.6.32-5-686
uname -s = Linux
uname -v = #1 SMP Sun Sep 23 09:49:36 UTC 2012

/usr/bin/uname -p = unknown
/bin/uname -X     = unknown

/bin/arch              = unknown
/usr/bin/arch -k       = unknown
/usr/convex/getsysinfo = unknown
/usr/bin/hostinfo      = unknown
/bin/machine           = unknown
/usr/bin/oslevel       = unknown
/bin/universe          = unknown

PATH: /usr/local/sbin
PATH: /usr/local/bin
PATH: /usr/sbin
PATH: /usr/bin
PATH: /sbin
PATH: /bin
PATH: /opt/buildroot/output/host/usr/bin
PATH: /opt/buildroot/output/host/usr/bin


## ----------- ##
## Core tests. ##
## ----------- ##

configure:1797: checking for a BSD-compatible install
configure:1865: result: /usr/bin/install -c
configure:1876: checking whether build environment is sane
configure:1926: result: yes
configure:1975: checking for arm-linux-strip
configure:1991: found /opt/buildroot/output/host/usr/bin/arm-linux-strip
configure:2002: result: arm-linux-strip
configure:2067: checking for a thread-safe mkdir -p
configure:2106: result: /bin/mkdir -p
configure:2119: checking for gawk
configure:2149: result: no
configure:2119: checking for mawk
configure:2135: found /usr/bin/mawk
configure:2146: result: mawk
configure:2157: checking whether make sets $(MAKE)
configure:2179: result: yes
configure:2261: checking for arm-linux-gcc
configure:2277: found /opt/buildroot/output/host/usr/bin/arm-linux-gcc
configure:2288: result: arm-linux-gcc
configure:2557: checking for C compiler version
configure:2566: arm-linux-gcc --version >&5
arm-linux-gcc (Buildroot 2012.11) 4.5.4
Copyright (C) 2010 Free Software Foundation, Inc.
This is free software; see the source for copying conditions.  There is NO
warranty; not even for MERCHANTABILITY or FITNESS FOR A PARTICULAR PURPOSE.

configure:2577: $? = 0
configure:2566: arm-linux-gcc -v >&5
Using built-in specs.
COLLECT_GCC=arm-linux-gcc
COLLECT_LTO_WRAPPER=/opt/buildroot/output/host/usr/libexec/gcc/arm-buildroot-linux-uclibcgnueabi/4.5.4/lto-wrapper
Target: arm-buildroot-linux-uclibcgnueabi
Configured with: /opt/buildroot/output/toolchain/gcc-4.5.4/configure --prefix=/opt/buildroot/output/host/usr --build=i686-pc-linux-gnu --host=i686-pc-linux-gnu --target=arm-buildroot-linux-uclibcgnueabi --enable-languages=c --with-sysroot=/opt/buildroot/output/host/usr/arm-buildroot-linux-uclibcgnueabi/sysroot --with-build-time-tools=/opt/buildroot/output/host/usr/arm-buildroot-linux-uclibcgnueabi/bin --disable-__cxa_atexit --enable-target-optspace --disable-libquadmath --disable-libgomp --with-gnu-ld --disable-libssp --disable-multilib --enable-tls --enable-shared --with-gmp=/opt/buildroot/output/host/usr --with-mpfr=/opt/buildroot/output/host/usr --with-mpc=/opt/buildroot/output/host/usr --disable-nls --enable-threads --disable-decimal-float --with-float=soft --with-abi=aapcs-linux --with-arch=armv5te --with-tune=arm926ej-s --with-pkgversion='Buildroot 2012.11' --with-bugurl=http://bugs.buildroot.net/
Thread model: posix
gcc version 4.5.4 (Buildroot 2012.11) 
configure:2577: $? = 0
configure:2566: arm-linux-gcc -V >&5
arm-linux-gcc: '-V' option must have argument
configure:2577: $? = 1
configure:2566: arm-linux-gcc -qversion >&5
arm-linux-gcc: unrecognized option '-qversion'
arm-linux-gcc: no input files
configure:2577: $? = 1
configure:2597: checking whether the C compiler works
configure:2619: arm-linux-gcc -I/home/visint/src/arm/sqlite  -L/home/visint/src/arm/sqlite/.libs -L../../lib conftest.c  >&5
configure:2623: $? = 0
configure:2671: result: yes
configure:2674: checking for C compiler default output file name
configure:2676: result: a.out
configure:2682: checking for suffix of executables
configure:2689: arm-linux-gcc -o conftest -I/home/visint/src/arm/sqlite  -L/home/visint/src/arm/sqlite/.libs -L../../lib conftest.c  >&5
configure:2693: $? = 0
configure:2715: result: 
configure:2737: checking whether we are cross compiling
configure:2745: arm-linux-gcc -o conftest -I/home/visint/src/arm/sqlite  -L/home/visint/src/arm/sqlite/.libs -L../../lib conftest.c  >&5
configure:2749: $? = 0
configure:2756: ./conftest
./configure: line 2758: ./conftest: cannot execute binary file
configure:2760: $? = 126
configure:2775: result: yes
configure:2780: checking for suffix of object files
configure:2802: arm-linux-gcc -c -I/home/visint/src/arm/sqlite  conftest.c >&5
configure:2806: $? = 0
configure:2827: result: o
configure:2831: checking whether we are using the GNU C compiler
configure:2850: arm-linux-gcc -c -I/home/visint/src/arm/sqlite  conftest.c >&5
configure:2850: $? = 0
configure:2859: result: yes
configure:2868: checking whether arm-linux-gcc accepts -g
configure:2888: arm-linux-gcc -c -g  conftest.c >&5
configure:2888: $? = 0
configure:2929: result: yes
configure:2946: checking for arm-linux-gcc option to accept ISO C89
configure:3010: arm-linux-gcc  -c -I/home/visint/src/arm/sqlite  conftest.c >&5
configure:3010: $? = 0
configure:3023: result: none needed
configure:3054: checking for style of include used by make
configure:3082: result: GNU
configure:3107: checking dependency style of arm-linux-gcc
configure:3217: result: gcc3
configure:3235: checking for arm-linux-ranlib
configure:3251: found /opt/buildroot/output/host/usr/bin/arm-linux-ranlib
configure:3262: result: arm-linux-ranlib
configure:3445: creating ./config.status

## ---------------------- ##
## Running config.status. ##
## ---------------------- ##

This file was extended by unitapp/uset config.status 1.0.0, which was
generated by GNU Autoconf 2.67.  Invocation command line was

  CONFIG_FILES    = 
  CONFIG_HEADERS  = 
  CONFIG_LINKS    = 
  CONFIG_COMMANDS = 
  $ ./config.status 

on debian

config.status:844: creating Makefile
config.status:844: creating unitapp/Makefile
config.status:844: creating unitutil/Makefile
config.status:844: creating config.h
config.status:1024: config.h is unchanged
config.status:1072: executing depfiles commands

## ---------------- ##
## Cache variables. ##
## ---------------- ##

ac_cv_c_compiler_gnu=yes
ac_cv_env_CC_set=
ac_cv_env_CC_value=
ac_cv_env_CFLAGS_set=set
ac_cv_env_CFLAGS_value=-I/home/visint/src/arm/sqlite
ac_cv_env_CPPFLAGS_set=
ac_cv_env_CPPFLAGS_value=
ac_cv_env_LDFLAGS_set=set
ac_cv_env_LDFLAGS_value='-L/home/visint/src/arm/sqlite/.libs -L../../lib'
ac_cv_env_LIBS_set=
ac_cv_env_LIBS_value=
ac_cv_env_build_alias_set=
ac_cv_env_build_alias_value=
ac_cv_env_host_alias_set=set
ac_cv_env_host_alias_value=arm-linux
ac_cv_env_target_alias_set=
ac_cv_env_target_alias_value=
ac_cv_objext=o
ac_cv_path_install='/usr/bin/install -c'
ac_cv_path_mkdir=/bin/mkdir
ac_cv_prog_AWK=mawk
ac_cv_prog_CC=arm-linux-gcc
ac_cv_prog_RANLIB=arm-linux-ranlib
ac_cv_prog_STRIP=arm-linux-strip
ac_cv_prog_cc_c89=
ac_cv_prog_cc_g=yes
ac_cv_prog_make_make_set=yes
am_cv_CC_dependencies_compiler_type=gcc3

## ----------------- ##
## Output variables. ##
## ----------------- ##

ACLOCAL='${SHELL} /home/visint/VisProj/src/missing --run aclocal-1.11'
AMDEPBACKSLASH='\'
AMDEP_FALSE='#'
AMDEP_TRUE=''
AMTAR='${SHELL} /home/visint/VisProj/src/missing --run tar'
AUTOCONF='${SHELL} /home/visint/VisProj/src/missing --run autoconf'
AUTOHEADER='${SHELL} /home/visint/VisProj/src/missing --run autoheader'
AUTOMAKE='${SHELL} /home/visint/VisProj/src/missing --run automake-1.11'
AWK='mawk'
CC='arm-linux-gcc'
CCDEPMODE='depmode=gcc3'
CFLAGS='-I/home/visint/src/arm/sqlite'
CPPFLAGS=''
CYGPATH_W='echo'
DEFS='-DHAVE_CONFIG_H'
DEPDIR='.deps'
ECHO_C=''
ECHO_N='-n'
ECHO_T=''
EXEEXT=''
INSTALL_DATA='${INSTALL} -m 644'
INSTALL_PROGRAM='${INSTALL}'
INSTALL_SCRIPT='${INSTALL}'
INSTALL_STRIP_PROGRAM='$(install_sh) -c -s'
LDFLAGS='-L/home/visint/src/arm/sqlite/.libs -L../../lib'
LIBOBJS=''
LIBS=''
LTLIBOBJS=''
MAKEINFO='${SHELL} /home/visint/VisProj/src/missing --run makeinfo'
MKDIR_P='/bin/mkdir -p'
OBJEXT='o'
PACKAGE='unitapp'
PACKAGE_BUGREPORT='gztt.ll@gmail.com'
PACKAGE_NAME='unitapp/uset'
PACKAGE_STRING='unitapp/uset 1.0.0'
PACKAGE_TARNAME='unitapp-uset'
PACKAGE_URL=''
PACKAGE_VERSION='1.0.0'
PATH_SEPARATOR=':'
RANLIB='arm-linux-ranlib'
SET_MAKE=''
SHELL='/bin/bash'
STRIP='arm-linux-strip'
VERSION='1.0.0'
ac_ct_CC=''
am__EXEEXT_FALSE=''
am__EXEEXT_TRUE='#'
am__fastdepCC_FALSE='#'
am__fastdepCC_TRUE=''
am__include='include'
am__isrc=''
am__leading_dot='.'
am__quote=''
am__tar='${AMTAR} chof - "$$tardir"'
am__untar='${AMTAR} xf -'
bindir='${exec_prefix}/bin'
build_alias=''
datadir='${datarootdir}'
datarootdir='${prefix}/share'
docdir='${datarootdir}/doc/${PACKAGE_TARNAME}'
dvidir='${docdir}'
exec_prefix='${prefix}'
host_alias='arm-linux'
htmldir='${docdir}'
includedir='${prefix}/include'
infodir='${datarootdir}/info'
install_sh='${SHELL} /home/visint/VisProj/src/install-sh'
libdir='${exec_prefix}/lib'
libexecdir='${exec_prefix}/libexec'
localedir='${datarootdir}/locale'
localstatedir='${prefix}/var'
mandir='${datarootdir}/man'
mkdir_p='/bin/mkdir -p'
oldincludedir='/usr/include'
pdfdir='${docdir}'
prefix='/usr/local'
program_transform_name='s,x,x,'
psdir='${docdir}'
sbindir='${exec_prefix}/sbin'
sharedstatedir='${prefix}/com'
sysconfdir='${prefix}/etc'
target_alias=''

## ----------- ##
## confdefs.h. ##
## ----------- ##

/* confdefs.h */
#define PACKAGE_NAME "unitapp/uset"
#define PACKAGE_TARNAME "unitapp-uset"
#define PACKAGE_VERSION "1.0.0"
#define PACKAGE_STRING "unitapp/uset 1.0.0"
#define PACKAGE_BUGREPORT "gztt.ll@gmail.com"
#define PACKAGE_URL ""

configure: exit 0

## ---------------------- ##
## Running config.status. ##
## ---------------------- ##

This file was extended by unitapp/uset config.status 1.0.0, which was
generated by GNU Autoconf 2.67.  Invocation command line was

  CONFIG_FILES    = 
  CONFIG_HEADERS  = 
  CONFIG_LINKS    = 
  CONFIG_COMMANDS = 
  $ ./config.status config.h

on ubuntu

config.status:844: creating config.h
config.status:1024: config.h is unchanged
