This file contains any messages produced by compilers while
running configure, to aid debugging if configure makes a mistake.

It was created by configure, which was
generated by GNU Autoconf 2.69.  Invocation command line was

  $ ./configure --host=arm-linux

## --------- ##
## Platform. ##
## --------- ##

hostname = ubuntu
uname -m = x86_64
uname -r = 3.19.0-25-generic
uname -s = Linux
uname -v = #26~14.04.1-Ubuntu SMP Fri Jul 24 21:16:20 UTC 2015

/usr/bin/uname -p = unknown
/bin/uname -X     = unknown

/bin/arch              = unknown
/usr/bin/arch -k       = unknown
/usr/convex/getsysinfo = unknown
/usr/bin/hostinfo      = unknown
/bin/machine           = unknown
/usr/bin/oslevel       = unknown
/bin/universe          = unknown

PATH: /home/lxc/buildroot-at91/output/host/usr/bin/
PATH: /usr/local/sbin
PATH: /usr/local/bin
PATH: /usr/sbin
PATH: /usr/bin
PATH: /sbin
PATH: /bin
PATH: /usr/games
PATH: /usr/local/games


## ----------- ##
## Core tests. ##
## ----------- ##

configure:1828: checking for a BSD-compatible install
configure:1896: result: /usr/bin/install -c
configure:1907: checking whether build environment is sane
configure:1962: result: yes
configure:2021: checking for arm-linux-strip
configure:2037: found /home/lxc/buildroot-at91/output/host/usr/bin//arm-linux-strip
configure:2048: result: arm-linux-strip
configure:2113: checking for a thread-safe mkdir -p
configure:2152: result: /bin/mkdir -p
configure:2159: checking for gawk
configure:2189: result: no
configure:2159: checking for mawk
configure:2175: found /usr/bin/mawk
configure:2186: result: mawk
configure:2197: checking whether make sets $(MAKE)
configure:2219: result: yes
configure:2248: checking whether make supports nested variables
configure:2265: result: yes
configure:2394: checking for arm-linux-ranlib
configure:2410: found /home/lxc/buildroot-at91/output/host/usr/bin//arm-linux-ranlib
configure:2421: result: arm-linux-ranlib
configure:2499: checking for arm-linux-gcc
configure:2515: found /home/lxc/buildroot-at91/output/host/usr/bin//arm-linux-gcc
configure:2526: result: arm-linux-gcc
configure:2795: checking for C compiler version
configure:2804: arm-linux-gcc --version >&5
arm-linux-gcc (Buildroot 2012.11.1-00020-g80e2dd6) 4.8.4
Copyright (C) 2013 Free Software Foundation, Inc.
This is free software; see the source for copying conditions.  There is NO
warranty; not even for MERCHANTABILITY or FITNESS FOR A PARTICULAR PURPOSE.

configure:2815: $? = 0
configure:2804: arm-linux-gcc -v >&5
Using built-in specs.
COLLECT_GCC=arm-linux-gcc
COLLECT_LTO_WRAPPER=/home/lxc/buildroot-at91/output/host/usr/libexec/gcc/arm-buildroot-linux-uclibcgnueabi/4.8.4/lto-wrapper
Target: arm-buildroot-linux-uclibcgnueabi
Configured with: /home/lxc/buildroot-at91/output/toolchain/gcc-4.8.4/configure --prefix=/home/lxc/buildroot-at91/output/host/usr --build=x86_64-unknown-linux-gnu --host=x86_64-unknown-linux-gnu --target=arm-buildroot-linux-uclibcgnueabi --enable-languages=c --with-sysroot=/home/lxc/buildroot-at91/output/host/usr/arm-buildroot-linux-uclibcgnueabi/sysroot --with-build-time-tools=/home/lxc/buildroot-at91/output/host/usr/arm-buildroot-linux-uclibcgnueabi/bin --disable-__cxa_atexit --enable-target-optspace --disable-libquadmath --disable-libgomp --with-gnu-ld --disable-libssp --disable-multilib --enable-tls --enable-shared --with-gmp=/home/lxc/buildroot-at91/output/host/usr --with-mpfr=/home/lxc/buildroot-at91/output/host/usr --with-mpc=/home/lxc/buildroot-at91/output/host/usr --disable-nls --enable-threads --disable-decimal-float --with-float=soft --with-abi=aapcs-linux --with-arch=armv5te --with-tune=arm926ej-s --with-pkgversion='Buildroot 2012.11.1-00020-g80e2dd6' --with-bugurl=http://bugs.buildroot.net/
Thread model: posix
gcc version 4.8.4 (Buildroot 2012.11.1-00020-g80e2dd6) 
configure:2815: $? = 0
configure:2804: arm-linux-gcc -V >&5
arm-linux-gcc: error: unrecognized command line option '-V'
arm-linux-gcc: fatal error: no input files
compilation terminated.
configure:2815: $? = 1
configure:2804: arm-linux-gcc -qversion >&5
arm-linux-gcc: error: unrecognized command line option '-qversion'
arm-linux-gcc: fatal error: no input files
compilation terminated.
configure:2815: $? = 1
configure:2835: checking whether the C compiler works
configure:2857: arm-linux-gcc    conftest.c  >&5
configure:2861: $? = 0
configure:2909: result: yes
configure:2912: checking for C compiler default output file name
configure:2914: result: a.out
configure:2920: checking for suffix of executables
configure:2927: arm-linux-gcc -o conftest    conftest.c  >&5
configure:2931: $? = 0
configure:2953: result: 
configure:2975: checking whether we are cross compiling
configure:2983: arm-linux-gcc -o conftest    conftest.c  >&5
configure:2987: $? = 0
configure:2994: ./conftest
./configure: line 2996: ./conftest: cannot execute binary file: Exec format error
configure:2998: $? = 126
configure:3013: result: yes
configure:3018: checking for suffix of object files
configure:3040: arm-linux-gcc -c   conftest.c >&5
configure:3044: $? = 0
configure:3065: result: o
configure:3069: checking whether we are using the GNU C compiler
configure:3088: arm-linux-gcc -c   conftest.c >&5
configure:3088: $? = 0
configure:3097: result: yes
configure:3106: checking whether arm-linux-gcc accepts -g
configure:3126: arm-linux-gcc -c -g  conftest.c >&5
configure:3126: $? = 0
configure:3167: result: yes
configure:3184: checking for arm-linux-gcc option to accept ISO C89
configure:3247: arm-linux-gcc  -c -g -O2  conftest.c >&5
configure:3247: $? = 0
configure:3260: result: none needed
configure:3285: checking whether arm-linux-gcc understands -c and -o together
configure:3307: arm-linux-gcc -c conftest.c -o conftest2.o
configure:3310: $? = 0
configure:3307: arm-linux-gcc -c conftest.c -o conftest2.o
configure:3310: $? = 0
configure:3322: result: yes
configure:3350: checking for style of include used by make
configure:3378: result: GNU
configure:3404: checking dependency style of arm-linux-gcc
configure:3515: result: gcc3
configure:3530: checking whether make sets $(MAKE)
configure:3552: result: yes
configure:3718: checking that generated files are newer than configure
configure:3724: result: done
configure:3747: creating ./config.status

## ---------------------- ##
## Running config.status. ##
## ---------------------- ##

This file was extended by config.status, which was
generated by GNU Autoconf 2.69.  Invocation command line was

  CONFIG_FILES    = 
  CONFIG_HEADERS  = 
  CONFIG_LINKS    = 
  CONFIG_COMMANDS = 
  $ ./config.status 

on ubuntu

config.status:773: creating Makefile
config.status:945: executing depfiles commands

## ---------------- ##
## Cache variables. ##
## ---------------- ##

ac_cv_c_compiler_gnu=yes
ac_cv_env_CC_set=
ac_cv_env_CC_value=
ac_cv_env_CFLAGS_set=
ac_cv_env_CFLAGS_value=
ac_cv_env_CPPFLAGS_set=
ac_cv_env_CPPFLAGS_value=
ac_cv_env_LDFLAGS_set=
ac_cv_env_LDFLAGS_value=
ac_cv_env_LIBS_set=
ac_cv_env_LIBS_value=
ac_cv_env_build_alias_set=
ac_cv_env_build_alias_value=
ac_cv_env_host_alias_set=set
ac_cv_env_host_alias_value=arm-linux
ac_cv_env_target_alias_set=
ac_cv_env_target_alias_value=
ac_cv_objext=o
ac_cv_path_install='/usr/bin/install -c'
ac_cv_path_mkdir=/bin/mkdir
ac_cv_prog_AWK=mawk
ac_cv_prog_CC=arm-linux-gcc
ac_cv_prog_RANLIB=arm-linux-ranlib
ac_cv_prog_STRIP=arm-linux-strip
ac_cv_prog_cc_c89=
ac_cv_prog_cc_g=yes
ac_cv_prog_make_make_set=yes
am_cv_CC_dependencies_compiler_type=gcc3
am_cv_make_support_nested_variables=yes
am_cv_prog_cc_c_o=yes

## ----------------- ##
## Output variables. ##
## ----------------- ##

ACLOCAL='${SHELL} /home/lxc/liuxuechen/src0906201608/lib/missing aclocal-1.14'
AMDEPBACKSLASH='\'
AMDEP_FALSE='#'
AMDEP_TRUE=''
AMTAR='$${TAR-tar}'
AM_BACKSLASH='\'
AM_DEFAULT_V='$(AM_DEFAULT_VERBOSITY)'
AM_DEFAULT_VERBOSITY='1'
AM_V='$(V)'
AUTOCONF='${SHELL} /home/lxc/liuxuechen/src0906201608/lib/missing autoconf'
AUTOHEADER='${SHELL} /home/lxc/liuxuechen/src0906201608/lib/missing autoheader'
AUTOMAKE='${SHELL} /home/lxc/liuxuechen/src0906201608/lib/missing automake-1.14'
AWK='mawk'
CC='arm-linux-gcc'
CCDEPMODE='depmode=gcc3'
CFLAGS='-g -O2'
CPPFLAGS=''
CYGPATH_W='echo'
DEFS='-DPACKAGE_NAME=\"\" -DPACKAGE_TARNAME=\"\" -DPACKAGE_VERSION=\"\" -DPACKAGE_STRING=\"\" -DPACKAGE_BUGREPORT=\"\" -DPACKAGE_URL=\"\" -DPACKAGE=\"libvispace\" -DVERSION=\"0.0.1\"'
DEPDIR='.deps'
ECHO_C=''
ECHO_N='-n'
ECHO_T=''
EXEEXT=''
INSTALL_DATA='${INSTALL} -m 644'
INSTALL_PROGRAM='${INSTALL}'
INSTALL_SCRIPT='${INSTALL}'
INSTALL_STRIP_PROGRAM='$(install_sh) -c -s'
LDFLAGS=''
LIBOBJS=''
LIBS=''
LTLIBOBJS=''
MAKEINFO='${SHELL} /home/lxc/liuxuechen/src0906201608/lib/missing makeinfo'
MKDIR_P='/bin/mkdir -p'
OBJEXT='o'
PACKAGE='libvispace'
PACKAGE_BUGREPORT=''
PACKAGE_NAME=''
PACKAGE_STRING=''
PACKAGE_TARNAME=''
PACKAGE_URL=''
PACKAGE_VERSION=''
PATH_SEPARATOR=':'
RANLIB='arm-linux-ranlib'
SET_MAKE=''
SHELL='/bin/bash'
STRIP='arm-linux-strip'
VERSION='0.0.1'
ac_ct_CC=''
am__EXEEXT_FALSE=''
am__EXEEXT_TRUE='#'
am__fastdepCC_FALSE='#'
am__fastdepCC_TRUE=''
am__include='include'
am__isrc=''
am__leading_dot='.'
am__nodep='_no'
am__quote=''
am__tar='$${TAR-tar} chof - "$$tardir"'
am__untar='$${TAR-tar} xf -'
bindir='${exec_prefix}/bin'
build_alias=''
datadir='${datarootdir}'
datarootdir='${prefix}/share'
docdir='${datarootdir}/doc/${PACKAGE}'
dvidir='${docdir}'
exec_prefix='${prefix}'
host_alias='arm-linux'
htmldir='${docdir}'
includedir='${prefix}/include'
infodir='${datarootdir}/info'
install_sh='${SHELL} /home/lxc/liuxuechen/src0906201608/lib/install-sh'
libdir='${exec_prefix}/lib'
libexecdir='${exec_prefix}/libexec'
localedir='${datarootdir}/locale'
localstatedir='${prefix}/var'
mandir='${datarootdir}/man'
mkdir_p='$(MKDIR_P)'
oldincludedir='/usr/include'
pdfdir='${docdir}'
prefix='/usr/local'
program_transform_name='s,x,x,'
psdir='${docdir}'
sbindir='${exec_prefix}/sbin'
sharedstatedir='${prefix}/com'
sysconfdir='${prefix}/etc'
target_alias=''

## ----------- ##
## confdefs.h. ##
## ----------- ##

/* confdefs.h */
#define PACKAGE_NAME ""
#define PACKAGE_TARNAME ""
#define PACKAGE_VERSION ""
#define PACKAGE_STRING ""
#define PACKAGE_BUGREPORT ""
#define PACKAGE_URL ""
#define PACKAGE "libvispace"
#define VERSION "0.0.1"

configure: exit 0
