This file contains any messages produced by compilers while
running configure, to aid debugging if configure makes a mistake.

It was created by configure, which was
generated by GNU Autoconf 2.67.  Invocation command line was

  $ ./configure --disable-option-checking --prefix=/usr/local --host=arm-linux CFLAGS=-I/home/visint/src/arm/sqlite LDFLAGS=-L/home/visint/src/arm/sqlite/.libs -L../../lib host_alias=arm-linux --cache-file=/dev/null --srcdir=.

## --------- ##
## Platform. ##
## --------- ##

hostname = debian
uname -m = i686
uname -r = 2.6.32-5-686
uname -s = Linux
uname -v = #1 SMP Sun Sep 23 09:49:36 UTC 2012

/usr/bin/uname -p = unknown
/bin/uname -X     = unknown

/bin/arch              = unknown
/usr/bin/arch -k       = unknown
/usr/convex/getsysinfo = unknown
/usr/bin/hostinfo      = unknown
/bin/machine           = unknown
/usr/bin/oslevel       = unknown
/bin/universe          = unknown

PATH: /usr/local/sbin
PATH: /usr/local/bin
PATH: /usr/sbin
PATH: /usr/bin
PATH: /sbin
PATH: /bin
PATH: /opt/buildroot/output/host/usr/bin
PATH: /opt/buildroot/output/host/usr/bin


## ----------- ##
## Core tests. ##
## ----------- ##

configure:2253: checking for a BSD-compatible install
configure:2321: result: /usr/bin/install -c
configure:2332: checking whether build environment is sane
configure:2382: result: yes
configure:2431: checking for arm-linux-strip
configure:2447: found /opt/buildroot/output/host/usr/bin/arm-linux-strip
configure:2458: result: arm-linux-strip
configure:2523: checking for a thread-safe mkdir -p
configure:2562: result: /bin/mkdir -p
configure:2575: checking for gawk
configure:2605: result: no
configure:2575: checking for mawk
configure:2591: found /usr/bin/mawk
configure:2602: result: mawk
configure:2613: checking whether make sets $(MAKE)
configure:2635: result: yes
configure:2746: checking build system type
configure:2760: result: i686-pc-linux-gnu
configure:2780: checking host system type
configure:2793: result: arm-unknown-linux-gnu
configure:2825: checking for style of include used by make
configure:2853: result: GNU
configure:2883: checking for arm-linux-gcc
configure:2899: found /opt/buildroot/output/host/usr/bin/arm-linux-gcc
configure:2910: result: arm-linux-gcc
configure:3179: checking for C compiler version
configure:3188: arm-linux-gcc --version >&5
arm-linux-gcc (Buildroot 2012.11) 4.5.4
Copyright (C) 2010 Free Software Foundation, Inc.
This is free software; see the source for copying conditions.  There is NO
warranty; not even for MERCHANTABILITY or FITNESS FOR A PARTICULAR PURPOSE.

configure:3199: $? = 0
configure:3188: arm-linux-gcc -v >&5
Using built-in specs.
COLLECT_GCC=arm-linux-gcc
COLLECT_LTO_WRAPPER=/opt/buildroot/output/host/usr/libexec/gcc/arm-buildroot-linux-uclibcgnueabi/4.5.4/lto-wrapper
Target: arm-buildroot-linux-uclibcgnueabi
Configured with: /opt/buildroot/output/toolchain/gcc-4.5.4/configure --prefix=/opt/buildroot/output/host/usr --build=i686-pc-linux-gnu --host=i686-pc-linux-gnu --target=arm-buildroot-linux-uclibcgnueabi --enable-languages=c --with-sysroot=/opt/buildroot/output/host/usr/arm-buildroot-linux-uclibcgnueabi/sysroot --with-build-time-tools=/opt/buildroot/output/host/usr/arm-buildroot-linux-uclibcgnueabi/bin --disable-__cxa_atexit --enable-target-optspace --disable-libquadmath --disable-libgomp --with-gnu-ld --disable-libssp --disable-multilib --enable-tls --enable-shared --with-gmp=/opt/buildroot/output/host/usr --with-mpfr=/opt/buildroot/output/host/usr --with-mpc=/opt/buildroot/output/host/usr --disable-nls --enable-threads --disable-decimal-float --with-float=soft --with-abi=aapcs-linux --with-arch=armv5te --with-tune=arm926ej-s --with-pkgversion='Buildroot 2012.11' --with-bugurl=http://bugs.buildroot.net/
Thread model: posix
gcc version 4.5.4 (Buildroot 2012.11) 
configure:3199: $? = 0
configure:3188: arm-linux-gcc -V >&5
arm-linux-gcc: '-V' option must have argument
configure:3199: $? = 1
configure:3188: arm-linux-gcc -qversion >&5
arm-linux-gcc: unrecognized option '-qversion'
arm-linux-gcc: no input files
configure:3199: $? = 1
configure:3219: checking whether the C compiler works
configure:3241: arm-linux-gcc -I/home/visint/src/arm/sqlite  -L/home/visint/src/arm/sqlite/.libs -L../../lib conftest.c  >&5
configure:3245: $? = 0
configure:3293: result: yes
configure:3296: checking for C compiler default output file name
configure:3298: result: a.out
configure:3304: checking for suffix of executables
configure:3311: arm-linux-gcc -o conftest -I/home/visint/src/arm/sqlite  -L/home/visint/src/arm/sqlite/.libs -L../../lib conftest.c  >&5
configure:3315: $? = 0
configure:3337: result: 
configure:3359: checking whether we are cross compiling
configure:3367: arm-linux-gcc -o conftest -I/home/visint/src/arm/sqlite  -L/home/visint/src/arm/sqlite/.libs -L../../lib conftest.c  >&5
configure:3371: $? = 0
configure:3378: ./conftest
./configure: line 3380: ./conftest: cannot execute binary file
configure:3382: $? = 126
configure:3397: result: yes
configure:3402: checking for suffix of object files
configure:3424: arm-linux-gcc -c -I/home/visint/src/arm/sqlite  conftest.c >&5
configure:3428: $? = 0
configure:3449: result: o
configure:3453: checking whether we are using the GNU C compiler
configure:3472: arm-linux-gcc -c -I/home/visint/src/arm/sqlite  conftest.c >&5
configure:3472: $? = 0
configure:3481: result: yes
configure:3490: checking whether arm-linux-gcc accepts -g
configure:3510: arm-linux-gcc -c -g  conftest.c >&5
configure:3510: $? = 0
configure:3551: result: yes
configure:3568: checking for arm-linux-gcc option to accept ISO C89
configure:3632: arm-linux-gcc  -c -I/home/visint/src/arm/sqlite  conftest.c >&5
configure:3632: $? = 0
configure:3645: result: none needed
configure:3667: checking dependency style of arm-linux-gcc
configure:3777: result: gcc3
configure:3792: checking for a sed that does not truncate output
configure:3856: result: /bin/sed
configure:3874: checking for grep that handles long lines and -e
configure:3932: result: /bin/grep
configure:3937: checking for egrep
configure:3999: result: /bin/grep -E
configure:4004: checking for fgrep
configure:4066: result: /bin/grep -F
configure:4101: checking for ld used by arm-linux-gcc
configure:4168: result: /opt/buildroot/output/host/usr/arm-buildroot-linux-uclibcgnueabi/bin/ld
configure:4175: checking if the linker (/opt/buildroot/output/host/usr/arm-buildroot-linux-uclibcgnueabi/bin/ld) is GNU ld
configure:4190: result: yes
configure:4202: checking for BSD- or MS-compatible name lister (nm)
configure:4251: result: /opt/buildroot/output/host/usr/bin/arm-linux-nm -B
configure:4369: checking the name lister (/opt/buildroot/output/host/usr/bin/arm-linux-nm -B) interface
configure:4376: arm-linux-gcc -c -I/home/visint/src/arm/sqlite  conftest.c >&5
configure:4379: /opt/buildroot/output/host/usr/bin/arm-linux-nm -B "conftest.o"
configure:4382: output
00000000 B some_variable
configure:4389: result: BSD nm
configure:4392: checking whether ln -s works
configure:4396: result: yes
configure:4404: checking the maximum length of command line arguments
configure:4524: result: 1572864
configure:4541: checking whether the shell understands some XSI constructs
configure:4551: result: yes
configure:4555: checking whether the shell understands "+="
configure:4561: result: yes
configure:4596: checking for /opt/buildroot/output/host/usr/arm-buildroot-linux-uclibcgnueabi/bin/ld option to reload object files
configure:4603: result: -r
configure:4632: checking for arm-linux-objdump
configure:4648: found /opt/buildroot/output/host/usr/bin/arm-linux-objdump
configure:4659: result: arm-linux-objdump
configure:4731: checking how to recognize dependent libraries
configure:4927: result: pass_all
configure:4947: checking for arm-linux-ar
configure:4963: found /opt/buildroot/output/host/usr/bin/arm-linux-ar
configure:4974: result: arm-linux-ar
configure:5052: checking for arm-linux-strip
configure:5079: result: arm-linux-strip
configure:5151: checking for arm-linux-ranlib
configure:5167: found /opt/buildroot/output/host/usr/bin/arm-linux-ranlib
configure:5178: result: arm-linux-ranlib
configure:5308: checking command to parse /opt/buildroot/output/host/usr/bin/arm-linux-nm -B output from arm-linux-gcc object
configure:5426: arm-linux-gcc -c -I/home/visint/src/arm/sqlite  conftest.c >&5
configure:5429: $? = 0
configure:5433: /opt/buildroot/output/host/usr/bin/arm-linux-nm -B conftest.o \| sed -n -e 's/^.*[	 ]\([ABCDGIRSTW][ABCDGIRSTW]*\)[	 ][	 ]*\([_A-Za-z][_A-Za-z0-9]*\)$/\1 \2 \2/p' \> conftest.nm
configure:5436: $? = 0
configure:5490: arm-linux-gcc -o conftest -I/home/visint/src/arm/sqlite  -L/home/visint/src/arm/sqlite/.libs -L../../lib conftest.c conftstm.o >&5
configure:5493: $? = 0
configure:5531: result: ok
configure:6340: checking how to run the C preprocessor
configure:6371: arm-linux-gcc -E  conftest.c
configure:6371: $? = 0
configure:6385: arm-linux-gcc -E  conftest.c
conftest.c:11:28: fatal error: ac_nonexistent.h: No such file or directory
compilation terminated.
configure:6385: $? = 1
configure: failed program was:
| /* confdefs.h */
| #define PACKAGE_NAME ""
| #define PACKAGE_TARNAME ""
| #define PACKAGE_VERSION ""
| #define PACKAGE_STRING ""
| #define PACKAGE_BUGREPORT ""
| #define PACKAGE_URL ""
| #define PACKAGE "almlog"
| #define VERSION "0.0.1"
| /* end confdefs.h.  */
| #include <ac_nonexistent.h>
configure:6410: result: arm-linux-gcc -E
configure:6430: arm-linux-gcc -E  conftest.c
configure:6430: $? = 0
configure:6444: arm-linux-gcc -E  conftest.c
conftest.c:11:28: fatal error: ac_nonexistent.h: No such file or directory
compilation terminated.
configure:6444: $? = 1
configure: failed program was:
| /* confdefs.h */
| #define PACKAGE_NAME ""
| #define PACKAGE_TARNAME ""
| #define PACKAGE_VERSION ""
| #define PACKAGE_STRING ""
| #define PACKAGE_BUGREPORT ""
| #define PACKAGE_URL ""
| #define PACKAGE "almlog"
| #define VERSION "0.0.1"
| /* end confdefs.h.  */
| #include <ac_nonexistent.h>
configure:6473: checking for ANSI C header files
configure:6493: arm-linux-gcc -c -I/home/visint/src/arm/sqlite  conftest.c >&5
configure:6493: $? = 0
configure:6577: result: yes
configure:6590: checking for sys/types.h
configure:6590: arm-linux-gcc -c -I/home/visint/src/arm/sqlite  conftest.c >&5
configure:6590: $? = 0
configure:6590: result: yes
configure:6590: checking for sys/stat.h
configure:6590: arm-linux-gcc -c -I/home/visint/src/arm/sqlite  conftest.c >&5
configure:6590: $? = 0
configure:6590: result: yes
configure:6590: checking for stdlib.h
configure:6590: arm-linux-gcc -c -I/home/visint/src/arm/sqlite  conftest.c >&5
configure:6590: $? = 0
configure:6590: result: yes
configure:6590: checking for string.h
configure:6590: arm-linux-gcc -c -I/home/visint/src/arm/sqlite  conftest.c >&5
configure:6590: $? = 0
configure:6590: result: yes
configure:6590: checking for memory.h
configure:6590: arm-linux-gcc -c -I/home/visint/src/arm/sqlite  conftest.c >&5
configure:6590: $? = 0
configure:6590: result: yes
configure:6590: checking for strings.h
configure:6590: arm-linux-gcc -c -I/home/visint/src/arm/sqlite  conftest.c >&5
configure:6590: $? = 0
configure:6590: result: yes
configure:6590: checking for inttypes.h
configure:6590: arm-linux-gcc -c -I/home/visint/src/arm/sqlite  conftest.c >&5
configure:6590: $? = 0
configure:6590: result: yes
configure:6590: checking for stdint.h
configure:6590: arm-linux-gcc -c -I/home/visint/src/arm/sqlite  conftest.c >&5
configure:6590: $? = 0
configure:6590: result: yes
configure:6590: checking for unistd.h
configure:6590: arm-linux-gcc -c -I/home/visint/src/arm/sqlite  conftest.c >&5
configure:6590: $? = 0
configure:6590: result: yes
configure:6604: checking for dlfcn.h
configure:6604: arm-linux-gcc -c -I/home/visint/src/arm/sqlite  conftest.c >&5
configure:6604: $? = 0
configure:6604: result: yes
configure:6788: checking for objdir
configure:6803: result: .libs
configure:7095: checking if arm-linux-gcc supports -fno-rtti -fno-exceptions
configure:7113: arm-linux-gcc -c -I/home/visint/src/arm/sqlite  -fno-rtti -fno-exceptions conftest.c >&5
cc1: warning: command line option "-fno-rtti" is valid for C++/ObjC++ but not for C
configure:7117: $? = 0
configure:7130: result: no
configure:7150: checking for arm-linux-gcc option to produce PIC
configure:7422: result: -fPIC -DPIC
configure:7434: checking if arm-linux-gcc PIC flag -fPIC -DPIC works
configure:7452: arm-linux-gcc -c -I/home/visint/src/arm/sqlite  -fPIC -DPIC -DPIC conftest.c >&5
configure:7456: $? = 0
configure:7469: result: yes
configure:7493: checking if arm-linux-gcc static flag -static works
configure:7521: result: yes
configure:7536: checking if arm-linux-gcc supports -c -o file.o
configure:7557: arm-linux-gcc -c -I/home/visint/src/arm/sqlite  -o out/conftest2.o conftest.c >&5
configure:7561: $? = 0
configure:7583: result: yes
configure:7591: checking if arm-linux-gcc supports -c -o file.o
configure:7638: result: yes
configure:7671: checking whether the arm-linux-gcc linker (/opt/buildroot/output/host/usr/arm-buildroot-linux-uclibcgnueabi/bin/ld) supports shared libraries
configure:8662: result: yes
configure:8699: checking whether -lc should be explicitly linked in
configure:8704: arm-linux-gcc -c -I/home/visint/src/arm/sqlite  conftest.c >&5
configure:8707: $? = 0
configure:8722: arm-linux-gcc -shared conftest.o  -v -Wl,-soname -Wl,conftest -o conftest 2\>\&1 \| /bin/grep  -lc  \>/dev/null 2\>\&1
configure:8725: $? = 0
configure:8737: result: no
configure:8901: checking dynamic linker characteristics
configure:9334: arm-linux-gcc -o conftest -I/home/visint/src/arm/sqlite  -L/home/visint/src/arm/sqlite/.libs -L../../lib -Wl,-rpath -Wl,/foo conftest.c  >&5
configure:9334: $? = 0
configure:9564: result: GNU/Linux ld.so
configure:9666: checking how to hardcode library paths into programs
configure:9691: result: immediate
configure:10211: checking whether stripping libraries is possible
configure:10216: result: yes
configure:10251: checking if libtool supports shared libraries
configure:10253: result: yes
configure:10256: checking whether to build shared libraries
configure:10277: result: yes
configure:10280: checking whether to build static libraries
configure:10284: result: yes
configure:10321: checking whether make sets $(MAKE)
configure:10343: result: yes
configure:10361: checking for arm-linux-gcc
configure:10388: result: arm-linux-gcc
configure:10657: checking for C compiler version
configure:10666: arm-linux-gcc --version >&5
arm-linux-gcc (Buildroot 2012.11) 4.5.4
Copyright (C) 2010 Free Software Foundation, Inc.
This is free software; see the source for copying conditions.  There is NO
warranty; not even for MERCHANTABILITY or FITNESS FOR A PARTICULAR PURPOSE.

configure:10677: $? = 0
configure:10666: arm-linux-gcc -v >&5
Using built-in specs.
COLLECT_GCC=arm-linux-gcc
COLLECT_LTO_WRAPPER=/opt/buildroot/output/host/usr/libexec/gcc/arm-buildroot-linux-uclibcgnueabi/4.5.4/lto-wrapper
Target: arm-buildroot-linux-uclibcgnueabi
Configured with: /opt/buildroot/output/toolchain/gcc-4.5.4/configure --prefix=/opt/buildroot/output/host/usr --build=i686-pc-linux-gnu --host=i686-pc-linux-gnu --target=arm-buildroot-linux-uclibcgnueabi --enable-languages=c --with-sysroot=/opt/buildroot/output/host/usr/arm-buildroot-linux-uclibcgnueabi/sysroot --with-build-time-tools=/opt/buildroot/output/host/usr/arm-buildroot-linux-uclibcgnueabi/bin --disable-__cxa_atexit --enable-target-optspace --disable-libquadmath --disable-libgomp --with-gnu-ld --disable-libssp --disable-multilib --enable-tls --enable-shared --with-gmp=/opt/buildroot/output/host/usr --with-mpfr=/opt/buildroot/output/host/usr --with-mpc=/opt/buildroot/output/host/usr --disable-nls --enable-threads --disable-decimal-float --with-float=soft --with-abi=aapcs-linux --with-arch=armv5te --with-tune=arm926ej-s --with-pkgversion='Buildroot 2012.11' --with-bugurl=http://bugs.buildroot.net/
Thread model: posix
gcc version 4.5.4 (Buildroot 2012.11) 
configure:10677: $? = 0
configure:10666: arm-linux-gcc -V >&5
arm-linux-gcc: '-V' option must have argument
configure:10677: $? = 1
configure:10666: arm-linux-gcc -qversion >&5
arm-linux-gcc: unrecognized option '-qversion'
arm-linux-gcc: no input files
configure:10677: $? = 1
configure:10681: checking whether we are using the GNU C compiler
configure:10709: result: yes
configure:10718: checking whether arm-linux-gcc accepts -g
configure:10779: result: yes
configure:10796: checking for arm-linux-gcc option to accept ISO C89
configure:10873: result: none needed
configure:10895: checking dependency style of arm-linux-gcc
configure:11005: result: gcc3
configure:11027: checking for ANSI C header files
configure:11131: result: yes
configure:11268: creating ./config.status

## ---------------------- ##
## Running config.status. ##
## ---------------------- ##

This file was extended by config.status, which was
generated by GNU Autoconf 2.67.  Invocation command line was

  CONFIG_FILES    = 
  CONFIG_HEADERS  = 
  CONFIG_LINKS    = 
  CONFIG_COMMANDS = 
  $ ./config.status 

on debian

config.status:1070: creating Makefile
config.status:1070: creating config.h
config.status:1250: config.h is unchanged
config.status:1298: executing depfiles commands
config.status:1298: executing libtool commands

## ---------------- ##
## Cache variables. ##
## ---------------- ##

ac_cv_build=i686-pc-linux-gnu
ac_cv_c_compiler_gnu=yes
ac_cv_env_CC_set=
ac_cv_env_CC_value=
ac_cv_env_CFLAGS_set=set
ac_cv_env_CFLAGS_value=-I/home/visint/src/arm/sqlite
ac_cv_env_CPPFLAGS_set=
ac_cv_env_CPPFLAGS_value=
ac_cv_env_CPP_set=
ac_cv_env_CPP_value=
ac_cv_env_LDFLAGS_set=set
ac_cv_env_LDFLAGS_value='-L/home/visint/src/arm/sqlite/.libs -L../../lib'
ac_cv_env_LIBS_set=
ac_cv_env_LIBS_value=
ac_cv_env_build_alias_set=
ac_cv_env_build_alias_value=
ac_cv_env_host_alias_set=set
ac_cv_env_host_alias_value=arm-linux
ac_cv_env_target_alias_set=
ac_cv_env_target_alias_value=
ac_cv_header_dlfcn_h=yes
ac_cv_header_inttypes_h=yes
ac_cv_header_memory_h=yes
ac_cv_header_stdc=yes
ac_cv_header_stdint_h=yes
ac_cv_header_stdlib_h=yes
ac_cv_header_string_h=yes
ac_cv_header_strings_h=yes
ac_cv_header_sys_stat_h=yes
ac_cv_header_sys_types_h=yes
ac_cv_header_unistd_h=yes
ac_cv_host=arm-unknown-linux-gnu
ac_cv_objext=o
ac_cv_path_EGREP='/bin/grep -E'
ac_cv_path_FGREP='/bin/grep -F'
ac_cv_path_GREP=/bin/grep
ac_cv_path_SED=/bin/sed
ac_cv_path_install='/usr/bin/install -c'
ac_cv_path_mkdir=/bin/mkdir
ac_cv_prog_AR=arm-linux-ar
ac_cv_prog_AWK=mawk
ac_cv_prog_CC=arm-linux-gcc
ac_cv_prog_CPP='arm-linux-gcc -E'
ac_cv_prog_OBJDUMP=arm-linux-objdump
ac_cv_prog_RANLIB=arm-linux-ranlib
ac_cv_prog_STRIP=arm-linux-strip
ac_cv_prog_cc_c89=
ac_cv_prog_cc_g=yes
ac_cv_prog_make_make_set=yes
am_cv_CC_dependencies_compiler_type=gcc3
lt_cv_deplibs_check_method=pass_all
lt_cv_file_magic_cmd='$MAGIC_CMD'
lt_cv_file_magic_test_file=
lt_cv_ld_reload_flag=-r
lt_cv_nm_interface='BSD nm'
lt_cv_objdir=.libs
lt_cv_path_LD=/opt/buildroot/output/host/usr/arm-buildroot-linux-uclibcgnueabi/bin/ld
lt_cv_path_NM='/opt/buildroot/output/host/usr/bin/arm-linux-nm -B'
lt_cv_prog_compiler_c_o=yes
lt_cv_prog_compiler_pic_works=yes
lt_cv_prog_compiler_rtti_exceptions=no
lt_cv_prog_compiler_static_works=yes
lt_cv_prog_gnu_ld=yes
lt_cv_sys_global_symbol_pipe='sed -n -e '\''s/^.*[	 ]\([ABCDGIRSTW][ABCDGIRSTW]*\)[	 ][	 ]*\([_A-Za-z][_A-Za-z0-9]*\)$/\1 \2 \2/p'\'''
lt_cv_sys_global_symbol_to_c_name_address='sed -n -e '\''s/^: \([^ ]*\) $/  {\"\1\", (void *) 0},/p'\'' -e '\''s/^[ABCDGIRSTW]* \([^ ]*\) \([^ ]*\)$/  {"\2", (void *) \&\2},/p'\'''
lt_cv_sys_global_symbol_to_c_name_address_lib_prefix='sed -n -e '\''s/^: \([^ ]*\) $/  {\"\1\", (void *) 0},/p'\'' -e '\''s/^[ABCDGIRSTW]* \([^ ]*\) \(lib[^ ]*\)$/  {"\2", (void *) \&\2},/p'\'' -e '\''s/^[ABCDGIRSTW]* \([^ ]*\) \([^ ]*\)$/  {"lib\2", (void *) \&\2},/p'\'''
lt_cv_sys_global_symbol_to_cdecl='sed -n -e '\''s/^T .* \(.*\)$/extern int \1();/p'\'' -e '\''s/^[ABCDGIRSTW]* .* \(.*\)$/extern char \1;/p'\'''
lt_cv_sys_max_cmd_len=1572864

## ----------------- ##
## Output variables. ##
## ----------------- ##

ACLOCAL='${SHELL} /home/visint/VisProj/src/visdb/almlog/missing --run aclocal-1.11'
AMDEPBACKSLASH='\'
AMDEP_FALSE='#'
AMDEP_TRUE=''
AMTAR='${SHELL} /home/visint/VisProj/src/visdb/almlog/missing --run tar'
AR='arm-linux-ar'
AUTOCONF='${SHELL} /home/visint/VisProj/src/visdb/almlog/missing --run autoconf'
AUTOHEADER='${SHELL} /home/visint/VisProj/src/visdb/almlog/missing --run autoheader'
AUTOMAKE='${SHELL} /home/visint/VisProj/src/visdb/almlog/missing --run automake-1.11'
AWK='mawk'
CC='arm-linux-gcc'
CCDEPMODE='depmode=gcc3'
CFLAGS='-I/home/visint/src/arm/sqlite'
CPP='arm-linux-gcc -E'
CPPFLAGS=''
CYGPATH_W='echo'
DEFAULT_LANG='en'
DEFS='-DHAVE_CONFIG_H'
DEPDIR='.deps'
DSYMUTIL=''
DUMPBIN=''
ECHO_C=''
ECHO_N='-n'
ECHO_T=''
EGREP='/bin/grep -E'
EXEEXT=''
FGREP='/bin/grep -F'
GREP='/bin/grep'
INSTALL_DATA='${INSTALL} -m 644'
INSTALL_PROGRAM='${INSTALL}'
INSTALL_SCRIPT='${INSTALL}'
INSTALL_STRIP_PROGRAM='$(install_sh) -c -s'
LD='/opt/buildroot/output/host/usr/arm-buildroot-linux-uclibcgnueabi/bin/ld'
LDFLAGS='-L/home/visint/src/arm/sqlite/.libs -L../../lib'
LIBOBJS=''
LIBS=''
LIBTOOL='$(SHELL) $(top_builddir)/libtool'
LIPO=''
LN_S='ln -s'
LTLIBOBJS=''
MAKEINFO='${SHELL} /home/visint/VisProj/src/visdb/almlog/missing --run makeinfo'
MKDIR_P='/bin/mkdir -p'
NM='/opt/buildroot/output/host/usr/bin/arm-linux-nm -B'
NMEDIT=''
OBJDUMP='arm-linux-objdump'
OBJEXT='o'
OTOOL64=''
OTOOL=''
PACKAGE='almlog'
PACKAGE_BUGREPORT=''
PACKAGE_NAME=''
PACKAGE_STRING=''
PACKAGE_TARNAME=''
PACKAGE_URL=''
PACKAGE_VERSION=''
PATH_SEPARATOR=':'
RANLIB='arm-linux-ranlib'
SED='/bin/sed'
SET_MAKE=''
SHELL='/bin/bash'
STRIP='arm-linux-strip'
VERSION='1.0.1'
ac_ct_CC=''
ac_ct_DUMPBIN=''
am__EXEEXT_FALSE=''
am__EXEEXT_TRUE='#'
am__fastdepCC_FALSE='#'
am__fastdepCC_TRUE=''
am__include='include'
am__isrc=''
am__leading_dot='.'
am__quote=''
am__tar='${AMTAR} chof - "$$tardir"'
am__untar='${AMTAR} xf -'
bindir='${exec_prefix}/bin'
build='i686-pc-linux-gnu'
build_alias=''
build_cpu='i686'
build_os='linux-gnu'
build_vendor='pc'
datadir='${datarootdir}'
datarootdir='${prefix}/share'
docdir='${datarootdir}/doc/${PACKAGE}'
dvidir='${docdir}'
exec_prefix='${prefix}'
host='arm-unknown-linux-gnu'
host_alias='arm-linux'
host_cpu='arm'
host_os='linux-gnu'
host_vendor='unknown'
htmldir='${docdir}'
includedir='${prefix}/include'
infodir='${datarootdir}/info'
install_sh='${SHELL} /home/visint/VisProj/src/visdb/almlog/install-sh'
libdir='${exec_prefix}/lib'
libexecdir='${exec_prefix}/libexec'
localedir='${datarootdir}/locale'
localstatedir='${prefix}/var'
lt_ECHO='echo'
mandir='${datarootdir}/man'
mkdir_p='/bin/mkdir -p'
oldincludedir='/usr/include'
pdfdir='${docdir}'
prefix='/usr/local'
program_transform_name='s,x,x,'
psdir='${docdir}'
sbindir='${exec_prefix}/sbin'
sharedstatedir='${prefix}/com'
sysconfdir='${prefix}/etc'
target_alias=''

## ----------- ##
## confdefs.h. ##
## ----------- ##

/* confdefs.h */
#define PACKAGE_NAME ""
#define PACKAGE_TARNAME ""
#define PACKAGE_VERSION ""
#define PACKAGE_STRING ""
#define PACKAGE_BUGREPORT ""
#define PACKAGE_URL ""
#define PACKAGE "almlog"
#define VERSION "0.0.1"
#define STDC_HEADERS 1
#define HAVE_SYS_TYPES_H 1
#define HAVE_SYS_STAT_H 1
#define HAVE_STDLIB_H 1
#define HAVE_STRING_H 1
#define HAVE_MEMORY_H 1
#define HAVE_STRINGS_H 1
#define HAVE_INTTYPES_H 1
#define HAVE_STDINT_H 1
#define HAVE_UNISTD_H 1
#define HAVE_DLFCN_H 1
#define LT_OBJDIR ".libs/"
#define STDC_HEADERS 1

configure: exit 0
