This file contains any messages produced by compilers while
running configure, to aid debugging if configure makes a mistake.

It was created by configure, which was
generated by GNU Autoconf 2.67.  Invocation command line was

  $ ./configure 

## --------- ##
## Platform. ##
## --------- ##

hostname = debian
uname -m = i686
uname -r = 2.6.32-5-686
uname -s = Linux
uname -v = #1 SMP Sun Sep 23 09:49:36 UTC 2012

/usr/bin/uname -p = unknown
/bin/uname -X     = unknown

/bin/arch              = unknown
/usr/bin/arch -k       = unknown
/usr/convex/getsysinfo = unknown
/usr/bin/hostinfo      = unknown
/bin/machine           = unknown
/usr/bin/oslevel       = unknown
/bin/universe          = unknown

PATH: /usr/local/sbin
PATH: /usr/local/bin
PATH: /usr/sbin
PATH: /usr/bin
PATH: /sbin
PATH: /bin


## ----------- ##
## Core tests. ##
## ----------- ##

configure:1792: checking for a BSD-compatible install
configure:1860: result: /usr/bin/install -c
configure:1871: checking whether build environment is sane
configure:1921: result: yes
configure:2062: checking for a thread-safe mkdir -p
configure:2101: result: /bin/mkdir -p
configure:2114: checking for gawk
configure:2144: result: no
configure:2114: checking for mawk
configure:2130: found /usr/bin/mawk
configure:2141: result: mawk
configure:2152: checking whether make sets $(MAKE)
configure:2174: result: yes
configure:2311: checking for gcc
configure:2327: found /usr/bin/gcc
configure:2338: result: gcc
configure:2567: checking for C compiler version
configure:2576: gcc --version >&5
gcc (Debian 4.4.5-8) 4.4.5
Copyright (C) 2010 Free Software Foundation, Inc.
This is free software; see the source for copying conditions.  There is NO
warranty; not even for MERCHANTABILITY or FITNESS FOR A PARTICULAR PURPOSE.

configure:2587: $? = 0
configure:2576: gcc -v >&5
Using built-in specs.
Target: i486-linux-gnu
Configured with: ../src/configure -v --with-pkgversion='Debian 4.4.5-8' --with-bugurl=file:///usr/share/doc/gcc-4.4/README.Bugs --enable-languages=c,c++,fortran,objc,obj-c++ --prefix=/usr --program-suffix=-4.4 --enable-shared --enable-multiarch --enable-linker-build-id --with-system-zlib --libexecdir=/usr/lib --without-included-gettext --enable-threads=posix --with-gxx-include-dir=/usr/include/c++/4.4 --libdir=/usr/lib --enable-nls --enable-clocale=gnu --enable-libstdcxx-debug --enable-objc-gc --enable-targets=all --with-arch-32=i586 --with-tune=generic --enable-checking=release --build=i486-linux-gnu --host=i486-linux-gnu --target=i486-linux-gnu
Thread model: posix
gcc version 4.4.5 (Debian 4.4.5-8) 
configure:2587: $? = 0
configure:2576: gcc -V >&5
gcc: '-V' option must have argument
configure:2587: $? = 1
configure:2576: gcc -qversion >&5
gcc: unrecognized option '-qversion'
gcc: no input files
configure:2587: $? = 1
configure:2607: checking whether the C compiler works
configure:2629: gcc    conftest.c  >&5
configure:2633: $? = 0
configure:2681: result: yes
configure:2684: checking for C compiler default output file name
configure:2686: result: a.out
configure:2692: checking for suffix of executables
configure:2699: gcc -o conftest    conftest.c  >&5
configure:2703: $? = 0
configure:2725: result: 
configure:2747: checking whether we are cross compiling
configure:2755: gcc -o conftest    conftest.c  >&5
configure:2759: $? = 0
configure:2766: ./conftest
configure:2770: $? = 0
configure:2785: result: no
configure:2790: checking for suffix of object files
configure:2812: gcc -c   conftest.c >&5
configure:2816: $? = 0
configure:2837: result: o
configure:2841: checking whether we are using the GNU C compiler
configure:2860: gcc -c   conftest.c >&5
configure:2860: $? = 0
configure:2869: result: yes
configure:2878: checking whether gcc accepts -g
configure:2898: gcc -c -g  conftest.c >&5
configure:2898: $? = 0
configure:2939: result: yes
configure:2956: checking for gcc option to accept ISO C89
configure:3020: gcc  -c -g -O2  conftest.c >&5
configure:3020: $? = 0
configure:3033: result: none needed
configure:3064: checking for style of include used by make
configure:3092: result: GNU
configure:3117: checking dependency style of gcc
configure:3227: result: gcc3
configure:3285: checking for ranlib
configure:3301: found /usr/bin/ranlib
configure:3312: result: ranlib
configure:3334: checking whether make sets $(MAKE)
configure:3356: result: yes
configure:3523: creating ./config.status

## ---------------------- ##
## Running config.status. ##
## ---------------------- ##

This file was extended by config.status, which was
generated by GNU Autoconf 2.67.  Invocation command line was

  CONFIG_FILES    = 
  CONFIG_HEADERS  = 
  CONFIG_LINKS    = 
  CONFIG_COMMANDS = 
  $ ./config.status 

on debian

config.status:777: creating Makefile
config.status:948: executing depfiles commands

## ---------------- ##
## Cache variables. ##
## ---------------- ##

ac_cv_c_compiler_gnu=yes
ac_cv_env_CC_set=
ac_cv_env_CC_value=
ac_cv_env_CFLAGS_set=
ac_cv_env_CFLAGS_value=
ac_cv_env_CPPFLAGS_set=
ac_cv_env_CPPFLAGS_value=
ac_cv_env_LDFLAGS_set=
ac_cv_env_LDFLAGS_value=
ac_cv_env_LIBS_set=
ac_cv_env_LIBS_value=
ac_cv_env_build_alias_set=
ac_cv_env_build_alias_value=
ac_cv_env_host_alias_set=
ac_cv_env_host_alias_value=
ac_cv_env_target_alias_set=
ac_cv_env_target_alias_value=
ac_cv_objext=o
ac_cv_path_install='/usr/bin/install -c'
ac_cv_path_mkdir=/bin/mkdir
ac_cv_prog_AWK=mawk
ac_cv_prog_ac_ct_CC=gcc
ac_cv_prog_ac_ct_RANLIB=ranlib
ac_cv_prog_cc_c89=
ac_cv_prog_cc_g=yes
ac_cv_prog_make_make_set=yes
am_cv_CC_dependencies_compiler_type=gcc3

## ----------------- ##
## Output variables. ##
## ----------------- ##

ACLOCAL='${SHELL} /home/visint/VisProj/src/missing --run aclocal-1.11'
AMDEPBACKSLASH='\'
AMDEP_FALSE='#'
AMDEP_TRUE=''
AMTAR='${SHELL} /home/visint/VisProj/src/missing --run tar'
AUTOCONF='${SHELL} /home/visint/VisProj/src/missing --run autoconf'
AUTOHEADER='${SHELL} /home/visint/VisProj/src/missing --run autoheader'
AUTOMAKE='${SHELL} /home/visint/VisProj/src/missing --run automake-1.11'
AWK='mawk'
CC='gcc'
CCDEPMODE='depmode=gcc3'
CFLAGS='-g -O2'
CPPFLAGS=''
CYGPATH_W='echo'
DEFS='-DPACKAGE_NAME=\"\" -DPACKAGE_TARNAME=\"\" -DPACKAGE_VERSION=\"\" -DPACKAGE_STRING=\"\" -DPACKAGE_BUGREPORT=\"\" -DPACKAGE_URL=\"\" -DPACKAGE=\"libunit\" -DVERSION=\"0.0.1\"'
DEPDIR='.deps'
ECHO_C=''
ECHO_N='-n'
ECHO_T=''
EXEEXT=''
INSTALL_DATA='${INSTALL} -m 644'
INSTALL_PROGRAM='${INSTALL}'
INSTALL_SCRIPT='${INSTALL}'
INSTALL_STRIP_PROGRAM='$(install_sh) -c -s'
LDFLAGS=''
LIBOBJS=''
LIBS=''
LTLIBOBJS=''
MAKEINFO='${SHELL} /home/visint/VisProj/src/missing --run makeinfo'
MKDIR_P='/bin/mkdir -p'
OBJEXT='o'
PACKAGE='libunit'
PACKAGE_BUGREPORT=''
PACKAGE_NAME=''
PACKAGE_STRING=''
PACKAGE_TARNAME=''
PACKAGE_URL=''
PACKAGE_VERSION=''
PATH_SEPARATOR=':'
RANLIB='ranlib'
SET_MAKE=''
SHELL='/bin/bash'
STRIP=''
VERSION='0.0.1'
ac_ct_CC='gcc'
am__EXEEXT_FALSE=''
am__EXEEXT_TRUE='#'
am__fastdepCC_FALSE='#'
am__fastdepCC_TRUE=''
am__include='include'
am__isrc=''
am__leading_dot='.'
am__quote=''
am__tar='${AMTAR} chof - "$$tardir"'
am__untar='${AMTAR} xf -'
bindir='${exec_prefix}/bin'
build_alias=''
datadir='${datarootdir}'
datarootdir='${prefix}/share'
docdir='${datarootdir}/doc/${PACKAGE}'
dvidir='${docdir}'
exec_prefix='${prefix}'
host_alias=''
htmldir='${docdir}'
includedir='${prefix}/include'
infodir='${datarootdir}/info'
install_sh='${SHELL} /home/visint/VisProj/src/install-sh'
libdir='${exec_prefix}/lib'
libexecdir='${exec_prefix}/libexec'
localedir='${datarootdir}/locale'
localstatedir='${prefix}/var'
mandir='${datarootdir}/man'
mkdir_p='/bin/mkdir -p'
oldincludedir='/usr/include'
pdfdir='${docdir}'
prefix='/usr/local'
program_transform_name='s,x,x,'
psdir='${docdir}'
sbindir='${exec_prefix}/sbin'
sharedstatedir='${prefix}/com'
sysconfdir='${prefix}/etc'
target_alias=''

## ----------- ##
## confdefs.h. ##
## ----------- ##

/* confdefs.h */
#define PACKAGE_NAME ""
#define PACKAGE_TARNAME ""
#define PACKAGE_VERSION ""
#define PACKAGE_STRING ""
#define PACKAGE_BUGREPORT ""
#define PACKAGE_URL ""
#define PACKAGE "libunit"
#define VERSION "0.0.1"

configure: exit 0
